[0.102s] DEBUG:colcon:Command line arguments: ['/usr/bin/colcon', 'build', '--packages-select', 'rescue_pc_brain', '--symlink-install']
[0.102s] DEBUG:colcon:Parsed command line arguments: Namespace(log_base=None, log_level=None, verb_name='build', build_base='build', install_base='install', merge_install=False, symlink_install=True, test_result_base=None, continue_on_error=False, executor='parallel', parallel_workers=8, event_handlers=None, ignore_user_meta=False, metas=['./colcon.meta'], base_paths=['.'], packages_ignore=None, packages_ignore_regex=None, paths=None, packages_up_to=None, packages_up_to_regex=None, packages_above=None, packages_above_and_dependencies=None, packages_above_depth=None, packages_select_by_dep=None, packages_skip_by_dep=None, packages_skip_up_to=None, packages_select_build_failed=False, packages_skip_build_finished=False, packages_select_test_failures=False, packages_skip_test_passed=False, packages_select=['rescue_pc_brain'], packages_skip=None, packages_select_regex=None, packages_skip_regex=None, packages_start=None, packages_end=None, allow_overriding=[], cmake_args=None, cmake_target=None, cmake_target_skip_unavailable=False, cmake_clean_cache=False, cmake_clean_first=False, cmake_force_configure=False, ament_cmake_args=None, catkin_cmake_args=None, catkin_skip_building_tests=False, mixin_files=None, mixin=None, verb_parser=<colcon_mixin.mixin.mixin_argument.MixinArgumentDecorator object at 0x7665cbc85a00>, verb_extension=<colcon_core.verb.build.BuildVerb object at 0x7665cbda5cd0>, main=<bound method BuildVerb.main of <colcon_core.verb.build.BuildVerb object at 0x7665cbda5cd0>>, mixin_verb=('build',))
[0.181s] Level 1:colcon.colcon_core.package_discovery:discover_packages(colcon_meta) check parameters
[0.182s] Level 1:colcon.colcon_core.package_discovery:discover_packages(recursive) check parameters
[0.182s] Level 1:colcon.colcon_core.package_discovery:discover_packages(ignore) check parameters
[0.182s] Level 1:colcon.colcon_core.package_discovery:discover_packages(path) check parameters
[0.182s] Level 1:colcon.colcon_core.package_discovery:discover_packages(colcon_meta) discover
[0.182s] Level 1:colcon.colcon_core.package_discovery:discover_packages(recursive) discover
[0.182s] INFO:colcon.colcon_core.package_discovery:Crawling recursively for packages in '/home/daniel/Rescue'
[0.182s] Level 1:colcon.colcon_core.package_identification:_identify(.) by extensions ['ignore', 'ignore_ament_install']
[0.182s] Level 1:colcon.colcon_core.package_identification:_identify(.) by extension 'ignore'
[0.182s] Level 1:colcon.colcon_core.package_identification:_identify(.) by extension 'ignore_ament_install'
[0.182s] Level 1:colcon.colcon_core.package_identification:_identify(.) by extensions ['colcon_pkg']
[0.182s] Level 1:colcon.colcon_core.package_identification:_identify(.) by extension 'colcon_pkg'
[0.182s] Level 1:colcon.colcon_core.package_identification:_identify(.) by extensions ['colcon_meta']
[0.182s] Level 1:colcon.colcon_core.package_identification:_identify(.) by extension 'colcon_meta'
[0.182s] Level 1:colcon.colcon_core.package_identification:_identify(.) by extensions ['ros']
[0.182s] Level 1:colcon.colcon_core.package_identification:_identify(.) by extension 'ros'
[0.217s] Level 1:colcon.colcon_core.package_identification:_identify(.) by extensions ['cmake', 'python']
[0.217s] Level 1:colcon.colcon_core.package_identification:_identify(.) by extension 'cmake'
[0.217s] Level 1:colcon.colcon_core.package_identification:_identify(.) by extension 'python'
[0.217s] Level 1:colcon.colcon_core.package_identification:_identify(.) by extensions ['python_setup_py']
[0.217s] Level 1:colcon.colcon_core.package_identification:_identify(.) by extension 'python_setup_py'
[0.217s] Level 1:colcon.colcon_core.package_identification:_identify(bags) by extensions ['ignore', 'ignore_ament_install']
[0.217s] Level 1:colcon.colcon_core.package_identification:_identify(bags) by extension 'ignore'
[0.217s] Level 1:colcon.colcon_core.package_identification:_identify(bags) by extension 'ignore_ament_install'
[0.217s] Level 1:colcon.colcon_core.package_identification:_identify(bags) by extensions ['colcon_pkg']
[0.217s] Level 1:colcon.colcon_core.package_identification:_identify(bags) by extension 'colcon_pkg'
[0.217s] Level 1:colcon.colcon_core.package_identification:_identify(bags) by extensions ['colcon_meta']
[0.217s] Level 1:colcon.colcon_core.package_identification:_identify(bags) by extension 'colcon_meta'
[0.217s] Level 1:colcon.colcon_core.package_identification:_identify(bags) by extensions ['ros']
[0.217s] Level 1:colcon.colcon_core.package_identification:_identify(bags) by extension 'ros'
[0.217s] Level 1:colcon.colcon_core.package_identification:_identify(bags) by extensions ['cmake', 'python']
[0.218s] Level 1:colcon.colcon_core.package_identification:_identify(bags) by extension 'cmake'
[0.218s] Level 1:colcon.colcon_core.package_identification:_identify(bags) by extension 'python'
[0.218s] Level 1:colcon.colcon_core.package_identification:_identify(bags) by extensions ['python_setup_py']
[0.218s] Level 1:colcon.colcon_core.package_identification:_identify(bags) by extension 'python_setup_py'
[0.218s] Level 1:colcon.colcon_core.package_identification:_identify(build) by extensions ['ignore', 'ignore_ament_install']
[0.218s] Level 1:colcon.colcon_core.package_identification:_identify(build) by extension 'ignore'
[0.218s] Level 1:colcon.colcon_core.package_identification:_identify(build) ignored
[0.218s] Level 1:colcon.colcon_core.package_identification:_identify(config) by extensions ['ignore', 'ignore_ament_install']
[0.218s] Level 1:colcon.colcon_core.package_identification:_identify(config) by extension 'ignore'
[0.218s] Level 1:colcon.colcon_core.package_identification:_identify(config) by extension 'ignore_ament_install'
[0.218s] Level 1:colcon.colcon_core.package_identification:_identify(config) by extensions ['colcon_pkg']
[0.218s] Level 1:colcon.colcon_core.package_identification:_identify(config) by extension 'colcon_pkg'
[0.218s] Level 1:colcon.colcon_core.package_identification:_identify(config) by extensions ['colcon_meta']
[0.218s] Level 1:colcon.colcon_core.package_identification:_identify(config) by extension 'colcon_meta'
[0.218s] Level 1:colcon.colcon_core.package_identification:_identify(config) by extensions ['ros']
[0.218s] Level 1:colcon.colcon_core.package_identification:_identify(config) by extension 'ros'
[0.218s] Level 1:colcon.colcon_core.package_identification:_identify(config) by extensions ['cmake', 'python']
[0.218s] Level 1:colcon.colcon_core.package_identification:_identify(config) by extension 'cmake'
[0.219s] Level 1:colcon.colcon_core.package_identification:_identify(config) by extension 'python'
[0.219s] Level 1:colcon.colcon_core.package_identification:_identify(config) by extensions ['python_setup_py']
[0.219s] Level 1:colcon.colcon_core.package_identification:_identify(config) by extension 'python_setup_py'
[0.219s] Level 1:colcon.colcon_core.package_identification:_identify(diagrams) by extensions ['ignore', 'ignore_ament_install']
[0.219s] Level 1:colcon.colcon_core.package_identification:_identify(diagrams) by extension 'ignore'
[0.219s] Level 1:colcon.colcon_core.package_identification:_identify(diagrams) by extension 'ignore_ament_install'
[0.219s] Level 1:colcon.colcon_core.package_identification:_identify(diagrams) by extensions ['colcon_pkg']
[0.219s] Level 1:colcon.colcon_core.package_identification:_identify(diagrams) by extension 'colcon_pkg'
[0.219s] Level 1:colcon.colcon_core.package_identification:_identify(diagrams) by extensions ['colcon_meta']
[0.219s] Level 1:colcon.colcon_core.package_identification:_identify(diagrams) by extension 'colcon_meta'
[0.219s] Level 1:colcon.colcon_core.package_identification:_identify(diagrams) by extensions ['ros']
[0.219s] Level 1:colcon.colcon_core.package_identification:_identify(diagrams) by extension 'ros'
[0.219s] Level 1:colcon.colcon_core.package_identification:_identify(diagrams) by extensions ['cmake', 'python']
[0.219s] Level 1:colcon.colcon_core.package_identification:_identify(diagrams) by extension 'cmake'
[0.219s] Level 1:colcon.colcon_core.package_identification:_identify(diagrams) by extension 'python'
[0.219s] Level 1:colcon.colcon_core.package_identification:_identify(diagrams) by extensions ['python_setup_py']
[0.219s] Level 1:colcon.colcon_core.package_identification:_identify(diagrams) by extension 'python_setup_py'
[0.219s] Level 1:colcon.colcon_core.package_identification:_identify(docs) by extensions ['ignore', 'ignore_ament_install']
[0.219s] Level 1:colcon.colcon_core.package_identification:_identify(docs) by extension 'ignore'
[0.220s] Level 1:colcon.colcon_core.package_identification:_identify(docs) by extension 'ignore_ament_install'
[0.220s] Level 1:colcon.colcon_core.package_identification:_identify(docs) by extensions ['colcon_pkg']
[0.220s] Level 1:colcon.colcon_core.package_identification:_identify(docs) by extension 'colcon_pkg'
[0.220s] Level 1:colcon.colcon_core.package_identification:_identify(docs) by extensions ['colcon_meta']
[0.220s] Level 1:colcon.colcon_core.package_identification:_identify(docs) by extension 'colcon_meta'
[0.220s] Level 1:colcon.colcon_core.package_identification:_identify(docs) by extensions ['ros']
[0.220s] Level 1:colcon.colcon_core.package_identification:_identify(docs) by extension 'ros'
[0.220s] Level 1:colcon.colcon_core.package_identification:_identify(docs) by extensions ['cmake', 'python']
[0.220s] Level 1:colcon.colcon_core.package_identification:_identify(docs) by extension 'cmake'
[0.220s] Level 1:colcon.colcon_core.package_identification:_identify(docs) by extension 'python'
[0.220s] Level 1:colcon.colcon_core.package_identification:_identify(docs) by extensions ['python_setup_py']
[0.220s] Level 1:colcon.colcon_core.package_identification:_identify(docs) by extension 'python_setup_py'
[0.220s] Level 1:colcon.colcon_core.package_identification:_identify(install) by extensions ['ignore', 'ignore_ament_install']
[0.220s] Level 1:colcon.colcon_core.package_identification:_identify(install) by extension 'ignore'
[0.220s] Level 1:colcon.colcon_core.package_identification:_identify(install) ignored
[0.220s] Level 1:colcon.colcon_core.package_identification:_identify(log) by extensions ['ignore', 'ignore_ament_install']
[0.220s] Level 1:colcon.colcon_core.package_identification:_identify(log) by extension 'ignore'
[0.220s] Level 1:colcon.colcon_core.package_identification:_identify(log) ignored
[0.220s] Level 1:colcon.colcon_core.package_identification:_identify(scripts) by extensions ['ignore', 'ignore_ament_install']
[0.221s] Level 1:colcon.colcon_core.package_identification:_identify(scripts) by extension 'ignore'
[0.221s] Level 1:colcon.colcon_core.package_identification:_identify(scripts) by extension 'ignore_ament_install'
[0.221s] Level 1:colcon.colcon_core.package_identification:_identify(scripts) by extensions ['colcon_pkg']
[0.221s] Level 1:colcon.colcon_core.package_identification:_identify(scripts) by extension 'colcon_pkg'
[0.221s] Level 1:colcon.colcon_core.package_identification:_identify(scripts) by extensions ['colcon_meta']
[0.221s] Level 1:colcon.colcon_core.package_identification:_identify(scripts) by extension 'colcon_meta'
[0.221s] Level 1:colcon.colcon_core.package_identification:_identify(scripts) by extensions ['ros']
[0.221s] Level 1:colcon.colcon_core.package_identification:_identify(scripts) by extension 'ros'
[0.221s] Level 1:colcon.colcon_core.package_identification:_identify(scripts) by extensions ['cmake', 'python']
[0.221s] Level 1:colcon.colcon_core.package_identification:_identify(scripts) by extension 'cmake'
[0.221s] Level 1:colcon.colcon_core.package_identification:_identify(scripts) by extension 'python'
[0.221s] Level 1:colcon.colcon_core.package_identification:_identify(scripts) by extensions ['python_setup_py']
[0.221s] Level 1:colcon.colcon_core.package_identification:_identify(scripts) by extension 'python_setup_py'
[0.221s] Level 1:colcon.colcon_core.package_identification:_identify(src) by extensions ['ignore', 'ignore_ament_install']
[0.221s] Level 1:colcon.colcon_core.package_identification:_identify(src) by extension 'ignore'
[0.221s] Level 1:colcon.colcon_core.package_identification:_identify(src) by extension 'ignore_ament_install'
[0.221s] Level 1:colcon.colcon_core.package_identification:_identify(src) by extensions ['colcon_pkg']
[0.221s] Level 1:colcon.colcon_core.package_identification:_identify(src) by extension 'colcon_pkg'
[0.221s] Level 1:colcon.colcon_core.package_identification:_identify(src) by extensions ['colcon_meta']
[0.221s] Level 1:colcon.colcon_core.package_identification:_identify(src) by extension 'colcon_meta'
[0.222s] Level 1:colcon.colcon_core.package_identification:_identify(src) by extensions ['ros']
[0.222s] Level 1:colcon.colcon_core.package_identification:_identify(src) by extension 'ros'
[0.222s] Level 1:colcon.colcon_core.package_identification:_identify(src) by extensions ['cmake', 'python']
[0.222s] Level 1:colcon.colcon_core.package_identification:_identify(src) by extension 'cmake'
[0.222s] Level 1:colcon.colcon_core.package_identification:_identify(src) by extension 'python'
[0.222s] Level 1:colcon.colcon_core.package_identification:_identify(src) by extensions ['python_setup_py']
[0.222s] Level 1:colcon.colcon_core.package_identification:_identify(src) by extension 'python_setup_py'
[0.222s] Level 1:colcon.colcon_core.package_identification:_identify(src/rescue_bringup) by extensions ['ignore', 'ignore_ament_install']
[0.222s] Level 1:colcon.colcon_core.package_identification:_identify(src/rescue_bringup) by extension 'ignore'
[0.222s] Level 1:colcon.colcon_core.package_identification:_identify(src/rescue_bringup) by extension 'ignore_ament_install'
[0.222s] Level 1:colcon.colcon_core.package_identification:_identify(src/rescue_bringup) by extensions ['colcon_pkg']
[0.222s] Level 1:colcon.colcon_core.package_identification:_identify(src/rescue_bringup) by extension 'colcon_pkg'
[0.222s] Level 1:colcon.colcon_core.package_identification:_identify(src/rescue_bringup) by extensions ['colcon_meta']
[0.222s] Level 1:colcon.colcon_core.package_identification:_identify(src/rescue_bringup) by extension 'colcon_meta'
[0.222s] Level 1:colcon.colcon_core.package_identification:_identify(src/rescue_bringup) by extensions ['ros']
[0.222s] Level 1:colcon.colcon_core.package_identification:_identify(src/rescue_bringup) by extension 'ros'
[0.222s] Level 1:colcon.colcon_core.package_identification:_identify(src/rescue_bringup) by extensions ['cmake', 'python']
[0.222s] Level 1:colcon.colcon_core.package_identification:_identify(src/rescue_bringup) by extension 'cmake'
[0.222s] Level 1:colcon.colcon_core.package_identification:_identify(src/rescue_bringup) by extension 'python'
[0.222s] Level 1:colcon.colcon_core.package_identification:_identify(src/rescue_bringup) by extensions ['python_setup_py']
[0.222s] Level 1:colcon.colcon_core.package_identification:_identify(src/rescue_bringup) by extension 'python_setup_py'
[0.223s] Level 1:colcon.colcon_core.package_identification:_identify(src/rescue_bringup/config) by extensions ['ignore', 'ignore_ament_install']
[0.223s] Level 1:colcon.colcon_core.package_identification:_identify(src/rescue_bringup/config) by extension 'ignore'
[0.223s] Level 1:colcon.colcon_core.package_identification:_identify(src/rescue_bringup/config) by extension 'ignore_ament_install'
[0.223s] Level 1:colcon.colcon_core.package_identification:_identify(src/rescue_bringup/config) by extensions ['colcon_pkg']
[0.223s] Level 1:colcon.colcon_core.package_identification:_identify(src/rescue_bringup/config) by extension 'colcon_pkg'
[0.223s] Level 1:colcon.colcon_core.package_identification:_identify(src/rescue_bringup/config) by extensions ['colcon_meta']
[0.223s] Level 1:colcon.colcon_core.package_identification:_identify(src/rescue_bringup/config) by extension 'colcon_meta'
[0.223s] Level 1:colcon.colcon_core.package_identification:_identify(src/rescue_bringup/config) by extensions ['ros']
[0.223s] Level 1:colcon.colcon_core.package_identification:_identify(src/rescue_bringup/config) by extension 'ros'
[0.223s] Level 1:colcon.colcon_core.package_identification:_identify(src/rescue_bringup/config) by extensions ['cmake', 'python']
[0.223s] Level 1:colcon.colcon_core.package_identification:_identify(src/rescue_bringup/config) by extension 'cmake'
[0.223s] Level 1:colcon.colcon_core.package_identification:_identify(src/rescue_bringup/config) by extension 'python'
[0.223s] Level 1:colcon.colcon_core.package_identification:_identify(src/rescue_bringup/config) by extensions ['python_setup_py']
[0.223s] Level 1:colcon.colcon_core.package_identification:_identify(src/rescue_bringup/config) by extension 'python_setup_py'
[0.223s] Level 1:colcon.colcon_core.package_identification:_identify(src/rescue_bringup/launch) by extensions ['ignore', 'ignore_ament_install']
[0.223s] Level 1:colcon.colcon_core.package_identification:_identify(src/rescue_bringup/launch) by extension 'ignore'
[0.223s] Level 1:colcon.colcon_core.package_identification:_identify(src/rescue_bringup/launch) by extension 'ignore_ament_install'
[0.224s] Level 1:colcon.colcon_core.package_identification:_identify(src/rescue_bringup/launch) by extensions ['colcon_pkg']
[0.224s] Level 1:colcon.colcon_core.package_identification:_identify(src/rescue_bringup/launch) by extension 'colcon_pkg'
[0.224s] Level 1:colcon.colcon_core.package_identification:_identify(src/rescue_bringup/launch) by extensions ['colcon_meta']
[0.224s] Level 1:colcon.colcon_core.package_identification:_identify(src/rescue_bringup/launch) by extension 'colcon_meta'
[0.224s] Level 1:colcon.colcon_core.package_identification:_identify(src/rescue_bringup/launch) by extensions ['ros']
[0.224s] Level 1:colcon.colcon_core.package_identification:_identify(src/rescue_bringup/launch) by extension 'ros'
[0.224s] Level 1:colcon.colcon_core.package_identification:_identify(src/rescue_bringup/launch) by extensions ['cmake', 'python']
[0.224s] Level 1:colcon.colcon_core.package_identification:_identify(src/rescue_bringup/launch) by extension 'cmake'
[0.224s] Level 1:colcon.colcon_core.package_identification:_identify(src/rescue_bringup/launch) by extension 'python'
[0.224s] Level 1:colcon.colcon_core.package_identification:_identify(src/rescue_bringup/launch) by extensions ['python_setup_py']
[0.224s] Level 1:colcon.colcon_core.package_identification:_identify(src/rescue_bringup/launch) by extension 'python_setup_py'
[0.224s] Level 1:colcon.colcon_core.package_identification:_identify(src/rescue_interfaces) by extensions ['ignore', 'ignore_ament_install']
[0.224s] Level 1:colcon.colcon_core.package_identification:_identify(src/rescue_interfaces) by extension 'ignore'
[0.224s] Level 1:colcon.colcon_core.package_identification:_identify(src/rescue_interfaces) by extension 'ignore_ament_install'
[0.224s] Level 1:colcon.colcon_core.package_identification:_identify(src/rescue_interfaces) by extensions ['colcon_pkg']
[0.224s] Level 1:colcon.colcon_core.package_identification:_identify(src/rescue_interfaces) by extension 'colcon_pkg'
[0.224s] Level 1:colcon.colcon_core.package_identification:_identify(src/rescue_interfaces) by extensions ['colcon_meta']
[0.224s] Level 1:colcon.colcon_core.package_identification:_identify(src/rescue_interfaces) by extension 'colcon_meta'
[0.224s] Level 1:colcon.colcon_core.package_identification:_identify(src/rescue_interfaces) by extensions ['ros']
[0.224s] Level 1:colcon.colcon_core.package_identification:_identify(src/rescue_interfaces) by extension 'ros'
[0.224s] Level 1:colcon.colcon_core.package_identification:_identify(src/rescue_interfaces) by extensions ['cmake', 'python']
[0.225s] Level 1:colcon.colcon_core.package_identification:_identify(src/rescue_interfaces) by extension 'cmake'
[0.225s] Level 1:colcon.colcon_core.package_identification:_identify(src/rescue_interfaces) by extension 'python'
[0.225s] Level 1:colcon.colcon_core.package_identification:_identify(src/rescue_interfaces) by extensions ['python_setup_py']
[0.225s] Level 1:colcon.colcon_core.package_identification:_identify(src/rescue_interfaces) by extension 'python_setup_py'
[0.225s] Level 1:colcon.colcon_core.package_identification:_identify(src/rescue_interfaces/action) by extensions ['ignore', 'ignore_ament_install']
[0.225s] Level 1:colcon.colcon_core.package_identification:_identify(src/rescue_interfaces/action) by extension 'ignore'
[0.225s] Level 1:colcon.colcon_core.package_identification:_identify(src/rescue_interfaces/action) by extension 'ignore_ament_install'
[0.225s] Level 1:colcon.colcon_core.package_identification:_identify(src/rescue_interfaces/action) by extensions ['colcon_pkg']
[0.225s] Level 1:colcon.colcon_core.package_identification:_identify(src/rescue_interfaces/action) by extension 'colcon_pkg'
[0.225s] Level 1:colcon.colcon_core.package_identification:_identify(src/rescue_interfaces/action) by extensions ['colcon_meta']
[0.225s] Level 1:colcon.colcon_core.package_identification:_identify(src/rescue_interfaces/action) by extension 'colcon_meta'
[0.225s] Level 1:colcon.colcon_core.package_identification:_identify(src/rescue_interfaces/action) by extensions ['ros']
[0.225s] Level 1:colcon.colcon_core.package_identification:_identify(src/rescue_interfaces/action) by extension 'ros'
[0.225s] Level 1:colcon.colcon_core.package_identification:_identify(src/rescue_interfaces/action) by extensions ['cmake', 'python']
[0.225s] Level 1:colcon.colcon_core.package_identification:_identify(src/rescue_interfaces/action) by extension 'cmake'
[0.225s] Level 1:colcon.colcon_core.package_identification:_identify(src/rescue_interfaces/action) by extension 'python'
[0.225s] Level 1:colcon.colcon_core.package_identification:_identify(src/rescue_interfaces/action) by extensions ['python_setup_py']
[0.225s] Level 1:colcon.colcon_core.package_identification:_identify(src/rescue_interfaces/action) by extension 'python_setup_py'
[0.225s] Level 1:colcon.colcon_core.package_identification:_identify(src/rescue_interfaces/msg) by extensions ['ignore', 'ignore_ament_install']
[0.226s] Level 1:colcon.colcon_core.package_identification:_identify(src/rescue_interfaces/msg) by extension 'ignore'
[0.226s] Level 1:colcon.colcon_core.package_identification:_identify(src/rescue_interfaces/msg) by extension 'ignore_ament_install'
[0.226s] Level 1:colcon.colcon_core.package_identification:_identify(src/rescue_interfaces/msg) by extensions ['colcon_pkg']
[0.226s] Level 1:colcon.colcon_core.package_identification:_identify(src/rescue_interfaces/msg) by extension 'colcon_pkg'
[0.226s] Level 1:colcon.colcon_core.package_identification:_identify(src/rescue_interfaces/msg) by extensions ['colcon_meta']
[0.226s] Level 1:colcon.colcon_core.package_identification:_identify(src/rescue_interfaces/msg) by extension 'colcon_meta'
[0.226s] Level 1:colcon.colcon_core.package_identification:_identify(src/rescue_interfaces/msg) by extensions ['ros']
[0.226s] Level 1:colcon.colcon_core.package_identification:_identify(src/rescue_interfaces/msg) by extension 'ros'
[0.226s] Level 1:colcon.colcon_core.package_identification:_identify(src/rescue_interfaces/msg) by extensions ['cmake', 'python']
[0.226s] Level 1:colcon.colcon_core.package_identification:_identify(src/rescue_interfaces/msg) by extension 'cmake'
[0.226s] Level 1:colcon.colcon_core.package_identification:_identify(src/rescue_interfaces/msg) by extension 'python'
[0.226s] Level 1:colcon.colcon_core.package_identification:_identify(src/rescue_interfaces/msg) by extensions ['python_setup_py']
[0.226s] Level 1:colcon.colcon_core.package_identification:_identify(src/rescue_interfaces/msg) by extension 'python_setup_py'
[0.226s] Level 1:colcon.colcon_core.package_identification:_identify(src/rescue_interfaces/srv) by extensions ['ignore', 'ignore_ament_install']
[0.226s] Level 1:colcon.colcon_core.package_identification:_identify(src/rescue_interfaces/srv) by extension 'ignore'
[0.226s] Level 1:colcon.colcon_core.package_identification:_identify(src/rescue_interfaces/srv) by extension 'ignore_ament_install'
[0.226s] Level 1:colcon.colcon_core.package_identification:_identify(src/rescue_interfaces/srv) by extensions ['colcon_pkg']
[0.226s] Level 1:colcon.colcon_core.package_identification:_identify(src/rescue_interfaces/srv) by extension 'colcon_pkg'
[0.226s] Level 1:colcon.colcon_core.package_identification:_identify(src/rescue_interfaces/srv) by extensions ['colcon_meta']
[0.226s] Level 1:colcon.colcon_core.package_identification:_identify(src/rescue_interfaces/srv) by extension 'colcon_meta'
[0.227s] Level 1:colcon.colcon_core.package_identification:_identify(src/rescue_interfaces/srv) by extensions ['ros']
[0.227s] Level 1:colcon.colcon_core.package_identification:_identify(src/rescue_interfaces/srv) by extension 'ros'
[0.227s] Level 1:colcon.colcon_core.package_identification:_identify(src/rescue_interfaces/srv) by extensions ['cmake', 'python']
[0.227s] Level 1:colcon.colcon_core.package_identification:_identify(src/rescue_interfaces/srv) by extension 'cmake'
[0.227s] Level 1:colcon.colcon_core.package_identification:_identify(src/rescue_interfaces/srv) by extension 'python'
[0.227s] Level 1:colcon.colcon_core.package_identification:_identify(src/rescue_interfaces/srv) by extensions ['python_setup_py']
[0.227s] Level 1:colcon.colcon_core.package_identification:_identify(src/rescue_interfaces/srv) by extension 'python_setup_py'
[0.227s] Level 1:colcon.colcon_core.package_identification:_identify(src/rescue_pc_brain) by extensions ['ignore', 'ignore_ament_install']
[0.227s] Level 1:colcon.colcon_core.package_identification:_identify(src/rescue_pc_brain) by extension 'ignore'
[0.227s] Level 1:colcon.colcon_core.package_identification:_identify(src/rescue_pc_brain) by extension 'ignore_ament_install'
[0.227s] Level 1:colcon.colcon_core.package_identification:_identify(src/rescue_pc_brain) by extensions ['colcon_pkg']
[0.227s] Level 1:colcon.colcon_core.package_identification:_identify(src/rescue_pc_brain) by extension 'colcon_pkg'
[0.227s] Level 1:colcon.colcon_core.package_identification:_identify(src/rescue_pc_brain) by extensions ['colcon_meta']
[0.227s] Level 1:colcon.colcon_core.package_identification:_identify(src/rescue_pc_brain) by extension 'colcon_meta'
[0.227s] Level 1:colcon.colcon_core.package_identification:_identify(src/rescue_pc_brain) by extensions ['ros']
[0.227s] Level 1:colcon.colcon_core.package_identification:_identify(src/rescue_pc_brain) by extension 'ros'
[0.231s] DEBUG:colcon.colcon_core.package_identification:Package 'src/rescue_pc_brain' with type 'ros.ament_python' and name 'rescue_pc_brain'
[0.231s] Level 1:colcon.colcon_core.package_identification:_identify(src/rescue_raspberry_brain) by extensions ['ignore', 'ignore_ament_install']
[0.231s] Level 1:colcon.colcon_core.package_identification:_identify(src/rescue_raspberry_brain) by extension 'ignore'
[0.231s] Level 1:colcon.colcon_core.package_identification:_identify(src/rescue_raspberry_brain) by extension 'ignore_ament_install'
[0.231s] Level 1:colcon.colcon_core.package_identification:_identify(src/rescue_raspberry_brain) by extensions ['colcon_pkg']
[0.231s] Level 1:colcon.colcon_core.package_identification:_identify(src/rescue_raspberry_brain) by extension 'colcon_pkg'
[0.231s] Level 1:colcon.colcon_core.package_identification:_identify(src/rescue_raspberry_brain) by extensions ['colcon_meta']
[0.231s] Level 1:colcon.colcon_core.package_identification:_identify(src/rescue_raspberry_brain) by extension 'colcon_meta'
[0.231s] Level 1:colcon.colcon_core.package_identification:_identify(src/rescue_raspberry_brain) by extensions ['ros']
[0.231s] Level 1:colcon.colcon_core.package_identification:_identify(src/rescue_raspberry_brain) by extension 'ros'
[0.231s] Level 1:colcon.colcon_core.package_identification:_identify(src/rescue_raspberry_brain) by extensions ['cmake', 'python']
[0.231s] Level 1:colcon.colcon_core.package_identification:_identify(src/rescue_raspberry_brain) by extension 'cmake'
[0.231s] Level 1:colcon.colcon_core.package_identification:_identify(src/rescue_raspberry_brain) by extension 'python'
[0.232s] Level 1:colcon.colcon_core.package_identification:_identify(src/rescue_raspberry_brain) by extensions ['python_setup_py']
[0.232s] Level 1:colcon.colcon_core.package_identification:_identify(src/rescue_raspberry_brain) by extension 'python_setup_py'
[0.232s] Level 1:colcon.colcon_core.package_identification:_identify(src/rescue_raspberry_brain/config) by extensions ['ignore', 'ignore_ament_install']
[0.232s] Level 1:colcon.colcon_core.package_identification:_identify(src/rescue_raspberry_brain/config) by extension 'ignore'
[0.232s] Level 1:colcon.colcon_core.package_identification:_identify(src/rescue_raspberry_brain/config) by extension 'ignore_ament_install'
[0.232s] Level 1:colcon.colcon_core.package_identification:_identify(src/rescue_raspberry_brain/config) by extensions ['colcon_pkg']
[0.232s] Level 1:colcon.colcon_core.package_identification:_identify(src/rescue_raspberry_brain/config) by extension 'colcon_pkg'
[0.232s] Level 1:colcon.colcon_core.package_identification:_identify(src/rescue_raspberry_brain/config) by extensions ['colcon_meta']
[0.232s] Level 1:colcon.colcon_core.package_identification:_identify(src/rescue_raspberry_brain/config) by extension 'colcon_meta'
[0.232s] Level 1:colcon.colcon_core.package_identification:_identify(src/rescue_raspberry_brain/config) by extensions ['ros']
[0.232s] Level 1:colcon.colcon_core.package_identification:_identify(src/rescue_raspberry_brain/config) by extension 'ros'
[0.232s] Level 1:colcon.colcon_core.package_identification:_identify(src/rescue_raspberry_brain/config) by extensions ['cmake', 'python']
[0.232s] Level 1:colcon.colcon_core.package_identification:_identify(src/rescue_raspberry_brain/config) by extension 'cmake'
[0.232s] Level 1:colcon.colcon_core.package_identification:_identify(src/rescue_raspberry_brain/config) by extension 'python'
[0.232s] Level 1:colcon.colcon_core.package_identification:_identify(src/rescue_raspberry_brain/config) by extensions ['python_setup_py']
[0.232s] Level 1:colcon.colcon_core.package_identification:_identify(src/rescue_raspberry_brain/config) by extension 'python_setup_py'
[0.232s] Level 1:colcon.colcon_core.package_identification:_identify(src/rescue_raspberry_brain/launch) by extensions ['ignore', 'ignore_ament_install']
[0.232s] Level 1:colcon.colcon_core.package_identification:_identify(src/rescue_raspberry_brain/launch) by extension 'ignore'
[0.233s] Level 1:colcon.colcon_core.package_identification:_identify(src/rescue_raspberry_brain/launch) by extension 'ignore_ament_install'
[0.233s] Level 1:colcon.colcon_core.package_identification:_identify(src/rescue_raspberry_brain/launch) by extensions ['colcon_pkg']
[0.233s] Level 1:colcon.colcon_core.package_identification:_identify(src/rescue_raspberry_brain/launch) by extension 'colcon_pkg'
[0.233s] Level 1:colcon.colcon_core.package_identification:_identify(src/rescue_raspberry_brain/launch) by extensions ['colcon_meta']
[0.233s] Level 1:colcon.colcon_core.package_identification:_identify(src/rescue_raspberry_brain/launch) by extension 'colcon_meta'
[0.233s] Level 1:colcon.colcon_core.package_identification:_identify(src/rescue_raspberry_brain/launch) by extensions ['ros']
[0.233s] Level 1:colcon.colcon_core.package_identification:_identify(src/rescue_raspberry_brain/launch) by extension 'ros'
[0.233s] Level 1:colcon.colcon_core.package_identification:_identify(src/rescue_raspberry_brain/launch) by extensions ['cmake', 'python']
[0.233s] Level 1:colcon.colcon_core.package_identification:_identify(src/rescue_raspberry_brain/launch) by extension 'cmake'
[0.233s] Level 1:colcon.colcon_core.package_identification:_identify(src/rescue_raspberry_brain/launch) by extension 'python'
[0.233s] Level 1:colcon.colcon_core.package_identification:_identify(src/rescue_raspberry_brain/launch) by extensions ['python_setup_py']
[0.233s] Level 1:colcon.colcon_core.package_identification:_identify(src/rescue_raspberry_brain/launch) by extension 'python_setup_py'
[0.233s] Level 1:colcon.colcon_core.package_identification:_identify(src/rescue_raspberry_brain/rescue_raspberry_brain) by extensions ['ignore', 'ignore_ament_install']
[0.233s] Level 1:colcon.colcon_core.package_identification:_identify(src/rescue_raspberry_brain/rescue_raspberry_brain) by extension 'ignore'
[0.233s] Level 1:colcon.colcon_core.package_identification:_identify(src/rescue_raspberry_brain/rescue_raspberry_brain) by extension 'ignore_ament_install'
[0.233s] Level 1:colcon.colcon_core.package_identification:_identify(src/rescue_raspberry_brain/rescue_raspberry_brain) by extensions ['colcon_pkg']
[0.233s] Level 1:colcon.colcon_core.package_identification:_identify(src/rescue_raspberry_brain/rescue_raspberry_brain) by extension 'colcon_pkg'
[0.233s] Level 1:colcon.colcon_core.package_identification:_identify(src/rescue_raspberry_brain/rescue_raspberry_brain) by extensions ['colcon_meta']
[0.233s] Level 1:colcon.colcon_core.package_identification:_identify(src/rescue_raspberry_brain/rescue_raspberry_brain) by extension 'colcon_meta'
[0.233s] Level 1:colcon.colcon_core.package_identification:_identify(src/rescue_raspberry_brain/rescue_raspberry_brain) by extensions ['ros']
[0.233s] Level 1:colcon.colcon_core.package_identification:_identify(src/rescue_raspberry_brain/rescue_raspberry_brain) by extension 'ros'
[0.234s] Level 1:colcon.colcon_core.package_identification:_identify(src/rescue_raspberry_brain/rescue_raspberry_brain) by extensions ['cmake', 'python']
[0.234s] Level 1:colcon.colcon_core.package_identification:_identify(src/rescue_raspberry_brain/rescue_raspberry_brain) by extension 'cmake'
[0.234s] Level 1:colcon.colcon_core.package_identification:_identify(src/rescue_raspberry_brain/rescue_raspberry_brain) by extension 'python'
[0.234s] Level 1:colcon.colcon_core.package_identification:_identify(src/rescue_raspberry_brain/rescue_raspberry_brain) by extensions ['python_setup_py']
[0.234s] Level 1:colcon.colcon_core.package_identification:_identify(src/rescue_raspberry_brain/rescue_raspberry_brain) by extension 'python_setup_py'
[0.234s] Level 1:colcon.colcon_core.package_identification:_identify(src/rescue_raspberry_brain/test) by extensions ['ignore', 'ignore_ament_install']
[0.234s] Level 1:colcon.colcon_core.package_identification:_identify(src/rescue_raspberry_brain/test) by extension 'ignore'
[0.234s] Level 1:colcon.colcon_core.package_identification:_identify(src/rescue_raspberry_brain/test) by extension 'ignore_ament_install'
[0.234s] Level 1:colcon.colcon_core.package_identification:_identify(src/rescue_raspberry_brain/test) by extensions ['colcon_pkg']
[0.234s] Level 1:colcon.colcon_core.package_identification:_identify(src/rescue_raspberry_brain/test) by extension 'colcon_pkg'
[0.234s] Level 1:colcon.colcon_core.package_identification:_identify(src/rescue_raspberry_brain/test) by extensions ['colcon_meta']
[0.234s] Level 1:colcon.colcon_core.package_identification:_identify(src/rescue_raspberry_brain/test) by extension 'colcon_meta'
[0.234s] Level 1:colcon.colcon_core.package_identification:_identify(src/rescue_raspberry_brain/test) by extensions ['ros']
[0.234s] Level 1:colcon.colcon_core.package_identification:_identify(src/rescue_raspberry_brain/test) by extension 'ros'
[0.234s] Level 1:colcon.colcon_core.package_identification:_identify(src/rescue_raspberry_brain/test) by extensions ['cmake', 'python']
[0.234s] Level 1:colcon.colcon_core.package_identification:_identify(src/rescue_raspberry_brain/test) by extension 'cmake'
[0.234s] Level 1:colcon.colcon_core.package_identification:_identify(src/rescue_raspberry_brain/test) by extension 'python'
[0.234s] Level 1:colcon.colcon_core.package_identification:_identify(src/rescue_raspberry_brain/test) by extensions ['python_setup_py']
[0.234s] Level 1:colcon.colcon_core.package_identification:_identify(src/rescue_raspberry_brain/test) by extension 'python_setup_py'
[0.235s] Level 1:colcon.colcon_core.package_identification:_identify(tests) by extensions ['ignore', 'ignore_ament_install']
[0.235s] Level 1:colcon.colcon_core.package_identification:_identify(tests) by extension 'ignore'
[0.235s] Level 1:colcon.colcon_core.package_identification:_identify(tests) by extension 'ignore_ament_install'
[0.235s] Level 1:colcon.colcon_core.package_identification:_identify(tests) by extensions ['colcon_pkg']
[0.235s] Level 1:colcon.colcon_core.package_identification:_identify(tests) by extension 'colcon_pkg'
[0.235s] Level 1:colcon.colcon_core.package_identification:_identify(tests) by extensions ['colcon_meta']
[0.235s] Level 1:colcon.colcon_core.package_identification:_identify(tests) by extension 'colcon_meta'
[0.235s] Level 1:colcon.colcon_core.package_identification:_identify(tests) by extensions ['ros']
[0.235s] Level 1:colcon.colcon_core.package_identification:_identify(tests) by extension 'ros'
[0.235s] Level 1:colcon.colcon_core.package_identification:_identify(tests) by extensions ['cmake', 'python']
[0.235s] Level 1:colcon.colcon_core.package_identification:_identify(tests) by extension 'cmake'
[0.235s] Level 1:colcon.colcon_core.package_identification:_identify(tests) by extension 'python'
[0.235s] Level 1:colcon.colcon_core.package_identification:_identify(tests) by extensions ['python_setup_py']
[0.235s] Level 1:colcon.colcon_core.package_identification:_identify(tests) by extension 'python_setup_py'
[0.235s] Level 1:colcon.colcon_core.package_identification:_identify(tests/integration) by extensions ['ignore', 'ignore_ament_install']
[0.235s] Level 1:colcon.colcon_core.package_identification:_identify(tests/integration) by extension 'ignore'
[0.235s] Level 1:colcon.colcon_core.package_identification:_identify(tests/integration) by extension 'ignore_ament_install'
[0.235s] Level 1:colcon.colcon_core.package_identification:_identify(tests/integration) by extensions ['colcon_pkg']
[0.235s] Level 1:colcon.colcon_core.package_identification:_identify(tests/integration) by extension 'colcon_pkg'
[0.236s] Level 1:colcon.colcon_core.package_identification:_identify(tests/integration) by extensions ['colcon_meta']
[0.236s] Level 1:colcon.colcon_core.package_identification:_identify(tests/integration) by extension 'colcon_meta'
[0.236s] Level 1:colcon.colcon_core.package_identification:_identify(tests/integration) by extensions ['ros']
[0.236s] Level 1:colcon.colcon_core.package_identification:_identify(tests/integration) by extension 'ros'
[0.236s] Level 1:colcon.colcon_core.package_identification:_identify(tests/integration) by extensions ['cmake', 'python']
[0.236s] Level 1:colcon.colcon_core.package_identification:_identify(tests/integration) by extension 'cmake'
[0.236s] Level 1:colcon.colcon_core.package_identification:_identify(tests/integration) by extension 'python'
[0.236s] Level 1:colcon.colcon_core.package_identification:_identify(tests/integration) by extensions ['python_setup_py']
[0.236s] Level 1:colcon.colcon_core.package_identification:_identify(tests/integration) by extension 'python_setup_py'
[0.236s] Level 1:colcon.colcon_core.package_identification:_identify(tests/pc) by extensions ['ignore', 'ignore_ament_install']
[0.236s] Level 1:colcon.colcon_core.package_identification:_identify(tests/pc) by extension 'ignore'
[0.236s] Level 1:colcon.colcon_core.package_identification:_identify(tests/pc) by extension 'ignore_ament_install'
[0.236s] Level 1:colcon.colcon_core.package_identification:_identify(tests/pc) by extensions ['colcon_pkg']
[0.236s] Level 1:colcon.colcon_core.package_identification:_identify(tests/pc) by extension 'colcon_pkg'
[0.236s] Level 1:colcon.colcon_core.package_identification:_identify(tests/pc) by extensions ['colcon_meta']
[0.236s] Level 1:colcon.colcon_core.package_identification:_identify(tests/pc) by extension 'colcon_meta'
[0.236s] Level 1:colcon.colcon_core.package_identification:_identify(tests/pc) by extensions ['ros']
[0.236s] Level 1:colcon.colcon_core.package_identification:_identify(tests/pc) by extension 'ros'
[0.236s] Level 1:colcon.colcon_core.package_identification:_identify(tests/pc) by extensions ['cmake', 'python']
[0.236s] Level 1:colcon.colcon_core.package_identification:_identify(tests/pc) by extension 'cmake'
[0.236s] Level 1:colcon.colcon_core.package_identification:_identify(tests/pc) by extension 'python'
[0.237s] Level 1:colcon.colcon_core.package_identification:_identify(tests/pc) by extensions ['python_setup_py']
[0.237s] Level 1:colcon.colcon_core.package_identification:_identify(tests/pc) by extension 'python_setup_py'
[0.237s] Level 1:colcon.colcon_core.package_identification:_identify(tests/raspberry) by extensions ['ignore', 'ignore_ament_install']
[0.237s] Level 1:colcon.colcon_core.package_identification:_identify(tests/raspberry) by extension 'ignore'
[0.237s] Level 1:colcon.colcon_core.package_identification:_identify(tests/raspberry) by extension 'ignore_ament_install'
[0.237s] Level 1:colcon.colcon_core.package_identification:_identify(tests/raspberry) by extensions ['colcon_pkg']
[0.237s] Level 1:colcon.colcon_core.package_identification:_identify(tests/raspberry) by extension 'colcon_pkg'
[0.237s] Level 1:colcon.colcon_core.package_identification:_identify(tests/raspberry) by extensions ['colcon_meta']
[0.237s] Level 1:colcon.colcon_core.package_identification:_identify(tests/raspberry) by extension 'colcon_meta'
[0.237s] Level 1:colcon.colcon_core.package_identification:_identify(tests/raspberry) by extensions ['ros']
[0.237s] Level 1:colcon.colcon_core.package_identification:_identify(tests/raspberry) by extension 'ros'
[0.237s] Level 1:colcon.colcon_core.package_identification:_identify(tests/raspberry) by extensions ['cmake', 'python']
[0.237s] Level 1:colcon.colcon_core.package_identification:_identify(tests/raspberry) by extension 'cmake'
[0.237s] Level 1:colcon.colcon_core.package_identification:_identify(tests/raspberry) by extension 'python'
[0.237s] Level 1:colcon.colcon_core.package_identification:_identify(tests/raspberry) by extensions ['python_setup_py']
[0.237s] Level 1:colcon.colcon_core.package_identification:_identify(tests/raspberry) by extension 'python_setup_py'
[0.237s] Level 1:colcon.colcon_core.package_discovery:discover_packages(recursive) using defaults
[0.237s] Level 1:colcon.colcon_core.package_discovery:discover_packages(ignore) discover
[0.237s] Level 1:colcon.colcon_core.package_discovery:discover_packages(ignore) using defaults
[0.237s] Level 1:colcon.colcon_core.package_discovery:discover_packages(path) discover
[0.237s] Level 1:colcon.colcon_core.package_discovery:discover_packages(path) using defaults
[0.266s] Level 1:colcon.colcon_core.package_discovery:discover_packages(prefix_path) check parameters
[0.266s] Level 1:colcon.colcon_core.package_discovery:discover_packages(prefix_path) discover
[0.271s] DEBUG:colcon.colcon_installed_package_information.package_discovery:Found 1 installed packages in /home/daniel/ros2_ws/install
[0.272s] DEBUG:colcon.colcon_installed_package_information.package_discovery:Found 287 installed packages in /opt/ros/jazzy
[0.273s] Level 1:colcon.colcon_core.package_discovery:discover_packages(prefix_path) using defaults
[0.314s] Level 5:colcon.colcon_core.verb:set package 'rescue_pc_brain' build argument 'cmake_args' from command line to 'None'
[0.314s] Level 5:colcon.colcon_core.verb:set package 'rescue_pc_brain' build argument 'cmake_target' from command line to 'None'
[0.315s] Level 5:colcon.colcon_core.verb:set package 'rescue_pc_brain' build argument 'cmake_target_skip_unavailable' from command line to 'False'
[0.315s] Level 5:colcon.colcon_core.verb:set package 'rescue_pc_brain' build argument 'cmake_clean_cache' from command line to 'False'
[0.315s] Level 5:colcon.colcon_core.verb:set package 'rescue_pc_brain' build argument 'cmake_clean_first' from command line to 'False'
[0.315s] Level 5:colcon.colcon_core.verb:set package 'rescue_pc_brain' build argument 'cmake_force_configure' from command line to 'False'
[0.315s] Level 5:colcon.colcon_core.verb:set package 'rescue_pc_brain' build argument 'ament_cmake_args' from command line to 'None'
[0.315s] Level 5:colcon.colcon_core.verb:set package 'rescue_pc_brain' build argument 'catkin_cmake_args' from command line to 'None'
[0.315s] Level 5:colcon.colcon_core.verb:set package 'rescue_pc_brain' build argument 'catkin_skip_building_tests' from command line to 'False'
[0.315s] DEBUG:colcon.colcon_core.verb:Building package 'rescue_pc_brain' with the following arguments: {'ament_cmake_args': None, 'build_base': '/home/daniel/Rescue/build/rescue_pc_brain', 'catkin_cmake_args': None, 'catkin_skip_building_tests': False, 'cmake_args': None, 'cmake_clean_cache': False, 'cmake_clean_first': False, 'cmake_force_configure': False, 'cmake_target': None, 'cmake_target_skip_unavailable': False, 'install_base': '/home/daniel/Rescue/install/rescue_pc_brain', 'merge_install': False, 'path': '/home/daniel/Rescue/src/rescue_pc_brain', 'symlink_install': True, 'test_result_base': None}
[0.315s] INFO:colcon.colcon_core.executor:Executing jobs using 'parallel' executor
[0.316s] DEBUG:colcon.colcon_parallel_executor.executor.parallel:run_until_complete
[0.316s] INFO:colcon.colcon_ros.task.ament_python.build:Building ROS package in '/home/daniel/Rescue/src/rescue_pc_brain' with build type 'ament_python'
[0.316s] Level 1:colcon.colcon_core.shell:create_environment_hook('rescue_pc_brain', 'ament_prefix_path')
[0.323s] INFO:colcon.colcon_core.plugin_system:Skipping extension 'colcon_core.shell.bat': Not used on non-Windows systems
[0.324s] INFO:colcon.colcon_core.shell:Creating environment hook '/home/daniel/Rescue/install/rescue_pc_brain/share/rescue_pc_brain/hook/ament_prefix_path.ps1'
[0.325s] INFO:colcon.colcon_core.shell:Creating environment descriptor '/home/daniel/Rescue/install/rescue_pc_brain/share/rescue_pc_brain/hook/ament_prefix_path.dsv'
[0.326s] INFO:colcon.colcon_core.shell:Creating environment hook '/home/daniel/Rescue/install/rescue_pc_brain/share/rescue_pc_brain/hook/ament_prefix_path.sh'
[0.327s] INFO:colcon.colcon_core.shell:Skip shell extension 'powershell' for command environment: Not usable outside of PowerShell
[0.327s] DEBUG:colcon.colcon_core.shell:Skip shell extension 'dsv' for command environment
[0.569s] INFO:colcon.colcon_core.task.python.build:Building Python package in '/home/daniel/Rescue/src/rescue_pc_brain'
[0.569s] INFO:colcon.colcon_core.shell:Skip shell extension 'powershell' for command environment: Not usable outside of PowerShell
[0.569s] DEBUG:colcon.colcon_core.shell:Skip shell extension 'dsv' for command environment
[1.318s] DEBUG:colcon.colcon_core.event_handler.log_command:Invoking command in '/home/daniel/Rescue/build/rescue_pc_brain': DEBUGINFOD_URLS=https://debuginfod.ubuntu.com PYTHONPATH=/home/daniel/Rescue/build/rescue_pc_brain/prefix_override:/usr/lib/python3/dist-packages/colcon_core/task/python/colcon_distutils_commands:/home/daniel/Rescue/install/rescue_pc_brain/lib/python3.12/site-packages:${PYTHONPATH} /usr/bin/python3 -W ignore:setup.py install is deprecated -W ignore:easy_install command is deprecated setup.py develop --editable --build-directory /home/daniel/Rescue/build/rescue_pc_brain/build --no-deps symlink_data
[1.958s] Level 1:colcon.colcon_core.shell:create_environment_hook('rescue_pc_brain', 'pythonpath_develop')
[1.958s] INFO:colcon.colcon_core.shell:Creating environment hook '/home/daniel/Rescue/build/rescue_pc_brain/share/rescue_pc_brain/hook/pythonpath_develop.ps1'
[1.959s] DEBUG:colcon.colcon_core.event_handler.log_command:Invoked command in '/home/daniel/Rescue/build/rescue_pc_brain' returned '0': DEBUGINFOD_URLS=https://debuginfod.ubuntu.com PYTHONPATH=/home/daniel/Rescue/build/rescue_pc_brain/prefix_override:/usr/lib/python3/dist-packages/colcon_core/task/python/colcon_distutils_commands:/home/daniel/Rescue/install/rescue_pc_brain/lib/python3.12/site-packages:${PYTHONPATH} /usr/bin/python3 -W ignore:setup.py install is deprecated -W ignore:easy_install command is deprecated setup.py develop --editable --build-directory /home/daniel/Rescue/build/rescue_pc_brain/build --no-deps symlink_data
[1.959s] INFO:colcon.colcon_core.shell:Creating environment descriptor '/home/daniel/Rescue/build/rescue_pc_brain/share/rescue_pc_brain/hook/pythonpath_develop.dsv'
[1.959s] INFO:colcon.colcon_core.shell:Creating environment hook '/home/daniel/Rescue/build/rescue_pc_brain/share/rescue_pc_brain/hook/pythonpath_develop.sh'
[1.968s] Level 1:colcon.colcon_core.environment:checking '/home/daniel/Rescue/install/rescue_pc_brain' for CMake module files
[1.969s] Level 1:colcon.colcon_core.environment:checking '/home/daniel/Rescue/install/rescue_pc_brain' for CMake config files
[1.969s] Level 1:colcon.colcon_core.environment:checking '/home/daniel/Rescue/install/rescue_pc_brain/lib'
[1.970s] Level 1:colcon.colcon_core.environment:checking '/home/daniel/Rescue/install/rescue_pc_brain/bin'
[1.970s] Level 1:colcon.colcon_core.environment:checking '/home/daniel/Rescue/install/rescue_pc_brain/lib/pkgconfig/rescue_pc_brain.pc'
[1.970s] Level 1:colcon.colcon_core.environment:checking '/home/daniel/Rescue/install/rescue_pc_brain/lib/python3.12/site-packages'
[1.970s] Level 1:colcon.colcon_core.shell:create_environment_hook('rescue_pc_brain', 'pythonpath')
[1.970s] INFO:colcon.colcon_core.shell:Creating environment hook '/home/daniel/Rescue/install/rescue_pc_brain/share/rescue_pc_brain/hook/pythonpath.ps1'
[1.971s] INFO:colcon.colcon_core.shell:Creating environment descriptor '/home/daniel/Rescue/install/rescue_pc_brain/share/rescue_pc_brain/hook/pythonpath.dsv'
[1.971s] INFO:colcon.colcon_core.shell:Creating environment hook '/home/daniel/Rescue/install/rescue_pc_brain/share/rescue_pc_brain/hook/pythonpath.sh'
[1.971s] Level 1:colcon.colcon_core.environment:checking '/home/daniel/Rescue/install/rescue_pc_brain/bin'
[1.972s] Level 1:colcon.colcon_core.environment:create_environment_scripts_only(rescue_pc_brain)
[1.972s] INFO:colcon.colcon_core.shell:Creating package script '/home/daniel/Rescue/install/rescue_pc_brain/share/rescue_pc_brain/package.ps1'
[1.973s] INFO:colcon.colcon_core.shell:Creating package descriptor '/home/daniel/Rescue/install/rescue_pc_brain/share/rescue_pc_brain/package.dsv'
[1.974s] INFO:colcon.colcon_core.shell:Creating package script '/home/daniel/Rescue/install/rescue_pc_brain/share/rescue_pc_brain/package.sh'
[1.976s] INFO:colcon.colcon_core.shell:Creating package script '/home/daniel/Rescue/install/rescue_pc_brain/share/rescue_pc_brain/package.bash'
[1.978s] INFO:colcon.colcon_core.shell:Creating package script '/home/daniel/Rescue/install/rescue_pc_brain/share/rescue_pc_brain/package.zsh'
[1.979s] Level 1:colcon.colcon_core.environment:create_file_with_runtime_dependencies(/home/daniel/Rescue/install/rescue_pc_brain/share/colcon-core/packages/rescue_pc_brain)
[1.979s] DEBUG:colcon.colcon_parallel_executor.executor.parallel:closing loop
[1.980s] DEBUG:colcon.colcon_parallel_executor.executor.parallel:loop closed
[1.980s] DEBUG:colcon.colcon_parallel_executor.executor.parallel:run_until_complete finished with '0'
[1.980s] DEBUG:colcon.colcon_core.event_reactor:joining thread
[1.989s] INFO:colcon.colcon_core.plugin_system:Skipping extension 'colcon_notification.desktop_notification.terminal_notifier': Not used on non-Darwin systems
[1.989s] INFO:colcon.colcon_core.plugin_system:Skipping extension 'colcon_notification.desktop_notification.win32': Not used on non-Windows systems
[1.989s] INFO:colcon.colcon_notification.desktop_notification:Sending desktop notification using 'notify2'
[2.028s] DEBUG:colcon.colcon_core.event_reactor:joined thread
[2.029s] INFO:colcon.colcon_core.shell:Creating prefix script '/home/daniel/Rescue/install/local_setup.ps1'
[2.030s] INFO:colcon.colcon_core.shell:Creating prefix util module '/home/daniel/Rescue/install/_local_setup_util_ps1.py'
[2.032s] INFO:colcon.colcon_core.shell:Creating prefix chain script '/home/daniel/Rescue/install/setup.ps1'
[2.034s] INFO:colcon.colcon_core.shell:Creating prefix script '/home/daniel/Rescue/install/local_setup.sh'
[2.035s] INFO:colcon.colcon_core.shell:Creating prefix util module '/home/daniel/Rescue/install/_local_setup_util_sh.py'
[2.036s] INFO:colcon.colcon_core.shell:Creating prefix chain script '/home/daniel/Rescue/install/setup.sh'
[2.037s] INFO:colcon.colcon_core.shell:Creating prefix script '/home/daniel/Rescue/install/local_setup.bash'
[2.038s] INFO:colcon.colcon_core.shell:Creating prefix chain script '/home/daniel/Rescue/install/setup.bash'
[2.039s] INFO:colcon.colcon_core.shell:Creating prefix script '/home/daniel/Rescue/install/local_setup.zsh'
[2.040s] INFO:colcon.colcon_core.shell:Creating prefix chain script '/home/daniel/Rescue/install/setup.zsh'
