[0.421s] DEBUG:colcon:Command line arguments: ['/home/sraus/.local/bin/colcon', 'build', '--packages-select', 'rescue_raspberry_brain', '--symlink-install']
[0.421s] DEBUG:colcon:Parsed command line arguments: Namespace(log_base=None, log_level=None, verb_name='build', build_base='build', install_base='install', merge_install=False, symlink_install=True, test_result_base=None, continue_on_error=False, executor='parallel', parallel_workers=4, event_handlers=None, ignore_user_meta=False, metas=['./colcon.meta'], base_paths=['.'], packages_ignore=None, packages_ignore_regex=None, paths=None, packages_up_to=None, packages_up_to_regex=None, packages_above=None, packages_above_and_dependencies=None, packages_above_depth=None, packages_select_by_dep=None, packages_skip_by_dep=None, packages_skip_up_to=None, packages_select_build_failed=False, packages_skip_build_finished=False, packages_select_test_failures=False, packages_skip_test_passed=False, packages_select=['rescue_raspberry_brain'], packages_skip=None, packages_select_regex=None, packages_skip_regex=None, packages_start=None, packages_end=None, allow_overriding=[], cmake_args=None, cmake_target=None, cmake_target_skip_unavailable=False, cmake_clean_cache=False, cmake_clean_first=False, cmake_force_configure=False, ament_cmake_args=None, catkin_cmake_args=None, catkin_skip_building_tests=False, mixin_files=None, mixin=None, verb_parser=<colcon_mixin.mixin.mixin_argument.MixinArgumentDecorator object at 0xffff9d910140>, verb_extension=<colcon_core.verb.build.BuildVerb object at 0xffff9dc04bc0>, main=<bound method BuildVerb.main of <colcon_core.verb.build.BuildVerb object at 0xffff9dc04bc0>>, mixin_verb=('build',))
[0.530s] Level 1:colcon.colcon_core.package_discovery:discover_packages(colcon_meta) check parameters
[0.530s] Level 1:colcon.colcon_core.package_discovery:discover_packages(recursive) check parameters
[0.530s] Level 1:colcon.colcon_core.package_discovery:discover_packages(ignore) check parameters
[0.530s] Level 1:colcon.colcon_core.package_discovery:discover_packages(path) check parameters
[0.530s] Level 1:colcon.colcon_core.package_discovery:discover_packages(colcon_meta) discover
[0.530s] Level 1:colcon.colcon_core.package_discovery:discover_packages(recursive) discover
[0.530s] INFO:colcon.colcon_core.package_discovery:Crawling recursively for packages in '/home/sraus/Rescue/src'
[0.530s] Level 1:colcon.colcon_core.package_identification:_identify(.) by extensions ['ignore', 'ignore_ament_install']
[0.530s] Level 1:colcon.colcon_core.package_identification:_identify(.) by extension 'ignore'
[0.530s] Level 1:colcon.colcon_core.package_identification:_identify(.) by extension 'ignore_ament_install'
[0.531s] Level 1:colcon.colcon_core.package_identification:_identify(.) by extensions ['colcon_pkg']
[0.531s] Level 1:colcon.colcon_core.package_identification:_identify(.) by extension 'colcon_pkg'
[0.531s] Level 1:colcon.colcon_core.package_identification:_identify(.) by extensions ['colcon_meta']
[0.531s] Level 1:colcon.colcon_core.package_identification:_identify(.) by extension 'colcon_meta'
[0.531s] Level 1:colcon.colcon_core.package_identification:_identify(.) by extensions ['ros']
[0.531s] Level 1:colcon.colcon_core.package_identification:_identify(.) by extension 'ros'
[0.570s] Level 1:colcon.colcon_core.package_identification:_identify(.) by extensions ['cmake', 'python']
[0.570s] Level 1:colcon.colcon_core.package_identification:_identify(.) by extension 'cmake'
[0.570s] Level 1:colcon.colcon_core.package_identification:_identify(.) by extension 'python'
[0.570s] Level 1:colcon.colcon_core.package_identification:_identify(.) by extensions ['python_setup_py']
[0.570s] Level 1:colcon.colcon_core.package_identification:_identify(.) by extension 'python_setup_py'
[0.571s] Level 1:colcon.colcon_core.package_identification:_identify(build) by extensions ['ignore', 'ignore_ament_install']
[0.571s] Level 1:colcon.colcon_core.package_identification:_identify(build) by extension 'ignore'
[0.571s] Level 1:colcon.colcon_core.package_identification:_identify(build) ignored
[0.571s] Level 1:colcon.colcon_core.package_identification:_identify(install) by extensions ['ignore', 'ignore_ament_install']
[0.571s] Level 1:colcon.colcon_core.package_identification:_identify(install) by extension 'ignore'
[0.571s] Level 1:colcon.colcon_core.package_identification:_identify(install) ignored
[0.571s] Level 1:colcon.colcon_core.package_identification:_identify(log) by extensions ['ignore', 'ignore_ament_install']
[0.571s] Level 1:colcon.colcon_core.package_identification:_identify(log) by extension 'ignore'
[0.571s] Level 1:colcon.colcon_core.package_identification:_identify(log) ignored
[0.571s] Level 1:colcon.colcon_core.package_identification:_identify(rescue_bringup) by extensions ['ignore', 'ignore_ament_install']
[0.572s] Level 1:colcon.colcon_core.package_identification:_identify(rescue_bringup) by extension 'ignore'
[0.572s] Level 1:colcon.colcon_core.package_identification:_identify(rescue_bringup) by extension 'ignore_ament_install'
[0.572s] Level 1:colcon.colcon_core.package_identification:_identify(rescue_bringup) by extensions ['colcon_pkg']
[0.572s] Level 1:colcon.colcon_core.package_identification:_identify(rescue_bringup) by extension 'colcon_pkg'
[0.572s] Level 1:colcon.colcon_core.package_identification:_identify(rescue_bringup) by extensions ['colcon_meta']
[0.572s] Level 1:colcon.colcon_core.package_identification:_identify(rescue_bringup) by extension 'colcon_meta'
[0.572s] Level 1:colcon.colcon_core.package_identification:_identify(rescue_bringup) by extensions ['ros']
[0.572s] Level 1:colcon.colcon_core.package_identification:_identify(rescue_bringup) by extension 'ros'
[0.572s] Level 1:colcon.colcon_core.package_identification:_identify(rescue_bringup) by extensions ['cmake', 'python']
[0.572s] Level 1:colcon.colcon_core.package_identification:_identify(rescue_bringup) by extension 'cmake'
[0.572s] Level 1:colcon.colcon_core.package_identification:_identify(rescue_bringup) by extension 'python'
[0.572s] Level 1:colcon.colcon_core.package_identification:_identify(rescue_bringup) by extensions ['python_setup_py']
[0.572s] Level 1:colcon.colcon_core.package_identification:_identify(rescue_bringup) by extension 'python_setup_py'
[0.572s] Level 1:colcon.colcon_core.package_identification:_identify(rescue_bringup/config) by extensions ['ignore', 'ignore_ament_install']
[0.572s] Level 1:colcon.colcon_core.package_identification:_identify(rescue_bringup/config) by extension 'ignore'
[0.572s] Level 1:colcon.colcon_core.package_identification:_identify(rescue_bringup/config) by extension 'ignore_ament_install'
[0.572s] Level 1:colcon.colcon_core.package_identification:_identify(rescue_bringup/config) by extensions ['colcon_pkg']
[0.572s] Level 1:colcon.colcon_core.package_identification:_identify(rescue_bringup/config) by extension 'colcon_pkg'
[0.573s] Level 1:colcon.colcon_core.package_identification:_identify(rescue_bringup/config) by extensions ['colcon_meta']
[0.573s] Level 1:colcon.colcon_core.package_identification:_identify(rescue_bringup/config) by extension 'colcon_meta'
[0.573s] Level 1:colcon.colcon_core.package_identification:_identify(rescue_bringup/config) by extensions ['ros']
[0.573s] Level 1:colcon.colcon_core.package_identification:_identify(rescue_bringup/config) by extension 'ros'
[0.573s] Level 1:colcon.colcon_core.package_identification:_identify(rescue_bringup/config) by extensions ['cmake', 'python']
[0.573s] Level 1:colcon.colcon_core.package_identification:_identify(rescue_bringup/config) by extension 'cmake'
[0.573s] Level 1:colcon.colcon_core.package_identification:_identify(rescue_bringup/config) by extension 'python'
[0.573s] Level 1:colcon.colcon_core.package_identification:_identify(rescue_bringup/config) by extensions ['python_setup_py']
[0.573s] Level 1:colcon.colcon_core.package_identification:_identify(rescue_bringup/config) by extension 'python_setup_py'
[0.573s] Level 1:colcon.colcon_core.package_identification:_identify(rescue_bringup/launch) by extensions ['ignore', 'ignore_ament_install']
[0.573s] Level 1:colcon.colcon_core.package_identification:_identify(rescue_bringup/launch) by extension 'ignore'
[0.573s] Level 1:colcon.colcon_core.package_identification:_identify(rescue_bringup/launch) by extension 'ignore_ament_install'
[0.573s] Level 1:colcon.colcon_core.package_identification:_identify(rescue_bringup/launch) by extensions ['colcon_pkg']
[0.573s] Level 1:colcon.colcon_core.package_identification:_identify(rescue_bringup/launch) by extension 'colcon_pkg'
[0.573s] Level 1:colcon.colcon_core.package_identification:_identify(rescue_bringup/launch) by extensions ['colcon_meta']
[0.573s] Level 1:colcon.colcon_core.package_identification:_identify(rescue_bringup/launch) by extension 'colcon_meta'
[0.573s] Level 1:colcon.colcon_core.package_identification:_identify(rescue_bringup/launch) by extensions ['ros']
[0.573s] Level 1:colcon.colcon_core.package_identification:_identify(rescue_bringup/launch) by extension 'ros'
[0.573s] Level 1:colcon.colcon_core.package_identification:_identify(rescue_bringup/launch) by extensions ['cmake', 'python']
[0.574s] Level 1:colcon.colcon_core.package_identification:_identify(rescue_bringup/launch) by extension 'cmake'
[0.574s] Level 1:colcon.colcon_core.package_identification:_identify(rescue_bringup/launch) by extension 'python'
[0.574s] Level 1:colcon.colcon_core.package_identification:_identify(rescue_bringup/launch) by extensions ['python_setup_py']
[0.574s] Level 1:colcon.colcon_core.package_identification:_identify(rescue_bringup/launch) by extension 'python_setup_py'
[0.574s] Level 1:colcon.colcon_core.package_identification:_identify(rescue_interfaces) by extensions ['ignore', 'ignore_ament_install']
[0.574s] Level 1:colcon.colcon_core.package_identification:_identify(rescue_interfaces) by extension 'ignore'
[0.574s] Level 1:colcon.colcon_core.package_identification:_identify(rescue_interfaces) by extension 'ignore_ament_install'
[0.574s] Level 1:colcon.colcon_core.package_identification:_identify(rescue_interfaces) by extensions ['colcon_pkg']
[0.574s] Level 1:colcon.colcon_core.package_identification:_identify(rescue_interfaces) by extension 'colcon_pkg'
[0.574s] Level 1:colcon.colcon_core.package_identification:_identify(rescue_interfaces) by extensions ['colcon_meta']
[0.574s] Level 1:colcon.colcon_core.package_identification:_identify(rescue_interfaces) by extension 'colcon_meta'
[0.574s] Level 1:colcon.colcon_core.package_identification:_identify(rescue_interfaces) by extensions ['ros']
[0.574s] Level 1:colcon.colcon_core.package_identification:_identify(rescue_interfaces) by extension 'ros'
[0.574s] Level 1:colcon.colcon_core.package_identification:_identify(rescue_interfaces) by extensions ['cmake', 'python']
[0.574s] Level 1:colcon.colcon_core.package_identification:_identify(rescue_interfaces) by extension 'cmake'
[0.574s] Level 1:colcon.colcon_core.package_identification:_identify(rescue_interfaces) by extension 'python'
[0.574s] Level 1:colcon.colcon_core.package_identification:_identify(rescue_interfaces) by extensions ['python_setup_py']
[0.574s] Level 1:colcon.colcon_core.package_identification:_identify(rescue_interfaces) by extension 'python_setup_py'
[0.574s] Level 1:colcon.colcon_core.package_identification:_identify(rescue_interfaces/action) by extensions ['ignore', 'ignore_ament_install']
[0.575s] Level 1:colcon.colcon_core.package_identification:_identify(rescue_interfaces/action) by extension 'ignore'
[0.575s] Level 1:colcon.colcon_core.package_identification:_identify(rescue_interfaces/action) by extension 'ignore_ament_install'
[0.575s] Level 1:colcon.colcon_core.package_identification:_identify(rescue_interfaces/action) by extensions ['colcon_pkg']
[0.575s] Level 1:colcon.colcon_core.package_identification:_identify(rescue_interfaces/action) by extension 'colcon_pkg'
[0.575s] Level 1:colcon.colcon_core.package_identification:_identify(rescue_interfaces/action) by extensions ['colcon_meta']
[0.575s] Level 1:colcon.colcon_core.package_identification:_identify(rescue_interfaces/action) by extension 'colcon_meta'
[0.575s] Level 1:colcon.colcon_core.package_identification:_identify(rescue_interfaces/action) by extensions ['ros']
[0.575s] Level 1:colcon.colcon_core.package_identification:_identify(rescue_interfaces/action) by extension 'ros'
[0.575s] Level 1:colcon.colcon_core.package_identification:_identify(rescue_interfaces/action) by extensions ['cmake', 'python']
[0.575s] Level 1:colcon.colcon_core.package_identification:_identify(rescue_interfaces/action) by extension 'cmake'
[0.575s] Level 1:colcon.colcon_core.package_identification:_identify(rescue_interfaces/action) by extension 'python'
[0.575s] Level 1:colcon.colcon_core.package_identification:_identify(rescue_interfaces/action) by extensions ['python_setup_py']
[0.575s] Level 1:colcon.colcon_core.package_identification:_identify(rescue_interfaces/action) by extension 'python_setup_py'
[0.575s] Level 1:colcon.colcon_core.package_identification:_identify(rescue_interfaces/msg) by extensions ['ignore', 'ignore_ament_install']
[0.575s] Level 1:colcon.colcon_core.package_identification:_identify(rescue_interfaces/msg) by extension 'ignore'
[0.575s] Level 1:colcon.colcon_core.package_identification:_identify(rescue_interfaces/msg) by extension 'ignore_ament_install'
[0.575s] Level 1:colcon.colcon_core.package_identification:_identify(rescue_interfaces/msg) by extensions ['colcon_pkg']
[0.575s] Level 1:colcon.colcon_core.package_identification:_identify(rescue_interfaces/msg) by extension 'colcon_pkg'
[0.575s] Level 1:colcon.colcon_core.package_identification:_identify(rescue_interfaces/msg) by extensions ['colcon_meta']
[0.575s] Level 1:colcon.colcon_core.package_identification:_identify(rescue_interfaces/msg) by extension 'colcon_meta'
[0.576s] Level 1:colcon.colcon_core.package_identification:_identify(rescue_interfaces/msg) by extensions ['ros']
[0.576s] Level 1:colcon.colcon_core.package_identification:_identify(rescue_interfaces/msg) by extension 'ros'
[0.576s] Level 1:colcon.colcon_core.package_identification:_identify(rescue_interfaces/msg) by extensions ['cmake', 'python']
[0.576s] Level 1:colcon.colcon_core.package_identification:_identify(rescue_interfaces/msg) by extension 'cmake'
[0.576s] Level 1:colcon.colcon_core.package_identification:_identify(rescue_interfaces/msg) by extension 'python'
[0.576s] Level 1:colcon.colcon_core.package_identification:_identify(rescue_interfaces/msg) by extensions ['python_setup_py']
[0.576s] Level 1:colcon.colcon_core.package_identification:_identify(rescue_interfaces/msg) by extension 'python_setup_py'
[0.576s] Level 1:colcon.colcon_core.package_identification:_identify(rescue_interfaces/srv) by extensions ['ignore', 'ignore_ament_install']
[0.576s] Level 1:colcon.colcon_core.package_identification:_identify(rescue_interfaces/srv) by extension 'ignore'
[0.576s] Level 1:colcon.colcon_core.package_identification:_identify(rescue_interfaces/srv) by extension 'ignore_ament_install'
[0.576s] Level 1:colcon.colcon_core.package_identification:_identify(rescue_interfaces/srv) by extensions ['colcon_pkg']
[0.576s] Level 1:colcon.colcon_core.package_identification:_identify(rescue_interfaces/srv) by extension 'colcon_pkg'
[0.576s] Level 1:colcon.colcon_core.package_identification:_identify(rescue_interfaces/srv) by extensions ['colcon_meta']
[0.576s] Level 1:colcon.colcon_core.package_identification:_identify(rescue_interfaces/srv) by extension 'colcon_meta'
[0.576s] Level 1:colcon.colcon_core.package_identification:_identify(rescue_interfaces/srv) by extensions ['ros']
[0.576s] Level 1:colcon.colcon_core.package_identification:_identify(rescue_interfaces/srv) by extension 'ros'
[0.576s] Level 1:colcon.colcon_core.package_identification:_identify(rescue_interfaces/srv) by extensions ['cmake', 'python']
[0.576s] Level 1:colcon.colcon_core.package_identification:_identify(rescue_interfaces/srv) by extension 'cmake'
[0.576s] Level 1:colcon.colcon_core.package_identification:_identify(rescue_interfaces/srv) by extension 'python'
[0.577s] Level 1:colcon.colcon_core.package_identification:_identify(rescue_interfaces/srv) by extensions ['python_setup_py']
[0.577s] Level 1:colcon.colcon_core.package_identification:_identify(rescue_interfaces/srv) by extension 'python_setup_py'
[0.577s] Level 1:colcon.colcon_core.package_identification:_identify(rescue_pc_brain) by extensions ['ignore', 'ignore_ament_install']
[0.577s] Level 1:colcon.colcon_core.package_identification:_identify(rescue_pc_brain) by extension 'ignore'
[0.577s] Level 1:colcon.colcon_core.package_identification:_identify(rescue_pc_brain) by extension 'ignore_ament_install'
[0.577s] Level 1:colcon.colcon_core.package_identification:_identify(rescue_pc_brain) by extensions ['colcon_pkg']
[0.577s] Level 1:colcon.colcon_core.package_identification:_identify(rescue_pc_brain) by extension 'colcon_pkg'
[0.577s] Level 1:colcon.colcon_core.package_identification:_identify(rescue_pc_brain) by extensions ['colcon_meta']
[0.577s] Level 1:colcon.colcon_core.package_identification:_identify(rescue_pc_brain) by extension 'colcon_meta'
[0.577s] Level 1:colcon.colcon_core.package_identification:_identify(rescue_pc_brain) by extensions ['ros']
[0.577s] Level 1:colcon.colcon_core.package_identification:_identify(rescue_pc_brain) by extension 'ros'
[0.583s] DEBUG:colcon.colcon_core.package_identification:Package 'rescue_pc_brain' with type 'ros.ament_python' and name 'rescue_pc_brain'
[0.583s] Level 1:colcon.colcon_core.package_identification:_identify(rescue_raspberry_brain) by extensions ['ignore', 'ignore_ament_install']
[0.584s] Level 1:colcon.colcon_core.package_identification:_identify(rescue_raspberry_brain) by extension 'ignore'
[0.584s] Level 1:colcon.colcon_core.package_identification:_identify(rescue_raspberry_brain) by extension 'ignore_ament_install'
[0.584s] Level 1:colcon.colcon_core.package_identification:_identify(rescue_raspberry_brain) by extensions ['colcon_pkg']
[0.584s] Level 1:colcon.colcon_core.package_identification:_identify(rescue_raspberry_brain) by extension 'colcon_pkg'
[0.584s] Level 1:colcon.colcon_core.package_identification:_identify(rescue_raspberry_brain) by extensions ['colcon_meta']
[0.584s] Level 1:colcon.colcon_core.package_identification:_identify(rescue_raspberry_brain) by extension 'colcon_meta'
[0.584s] Level 1:colcon.colcon_core.package_identification:_identify(rescue_raspberry_brain) by extensions ['ros']
[0.584s] Level 1:colcon.colcon_core.package_identification:_identify(rescue_raspberry_brain) by extension 'ros'
[0.585s] DEBUG:colcon.colcon_core.package_identification:Package 'rescue_raspberry_brain' with type 'ros.ament_python' and name 'rescue_raspberry_brain'
[0.585s] Level 1:colcon.colcon_core.package_discovery:discover_packages(recursive) using defaults
[0.585s] Level 1:colcon.colcon_core.package_discovery:discover_packages(ignore) discover
[0.585s] Level 1:colcon.colcon_core.package_discovery:discover_packages(ignore) using defaults
[0.585s] Level 1:colcon.colcon_core.package_discovery:discover_packages(path) discover
[0.585s] Level 1:colcon.colcon_core.package_discovery:discover_packages(path) using defaults
[0.620s] INFO:colcon.colcon_core.package_selection:Skipping not selected package 'rescue_pc_brain' in 'rescue_pc_brain'
[0.621s] Level 1:colcon.colcon_core.package_discovery:discover_packages(prefix_path) check parameters
[0.621s] Level 1:colcon.colcon_core.package_discovery:discover_packages(prefix_path) discover
[0.626s] DEBUG:colcon.colcon_installed_package_information.package_discovery:Found 224 installed packages in /opt/ros/jazzy
[0.628s] Level 1:colcon.colcon_core.package_discovery:discover_packages(prefix_path) using defaults
[0.674s] Level 5:colcon.colcon_core.verb:set package 'rescue_raspberry_brain' build argument 'cmake_args' from command line to 'None'
[0.674s] Level 5:colcon.colcon_core.verb:set package 'rescue_raspberry_brain' build argument 'cmake_target' from command line to 'None'
[0.674s] Level 5:colcon.colcon_core.verb:set package 'rescue_raspberry_brain' build argument 'cmake_target_skip_unavailable' from command line to 'False'
[0.674s] Level 5:colcon.colcon_core.verb:set package 'rescue_raspberry_brain' build argument 'cmake_clean_cache' from command line to 'False'
[0.674s] Level 5:colcon.colcon_core.verb:set package 'rescue_raspberry_brain' build argument 'cmake_clean_first' from command line to 'False'
[0.674s] Level 5:colcon.colcon_core.verb:set package 'rescue_raspberry_brain' build argument 'cmake_force_configure' from command line to 'False'
[0.674s] Level 5:colcon.colcon_core.verb:set package 'rescue_raspberry_brain' build argument 'ament_cmake_args' from command line to 'None'
[0.674s] Level 5:colcon.colcon_core.verb:set package 'rescue_raspberry_brain' build argument 'catkin_cmake_args' from command line to 'None'
[0.674s] Level 5:colcon.colcon_core.verb:set package 'rescue_raspberry_brain' build argument 'catkin_skip_building_tests' from command line to 'False'
[0.674s] DEBUG:colcon.colcon_core.verb:Building package 'rescue_raspberry_brain' with the following arguments: {'ament_cmake_args': None, 'build_base': '/home/sraus/Rescue/src/build/rescue_raspberry_brain', 'catkin_cmake_args': None, 'catkin_skip_building_tests': False, 'cmake_args': None, 'cmake_clean_cache': False, 'cmake_clean_first': False, 'cmake_force_configure': False, 'cmake_target': None, 'cmake_target_skip_unavailable': False, 'install_base': '/home/sraus/Rescue/src/install/rescue_raspberry_brain', 'merge_install': False, 'path': '/home/sraus/Rescue/src/rescue_raspberry_brain', 'symlink_install': True, 'test_result_base': None}
[0.674s] INFO:colcon.colcon_core.executor:Executing jobs using 'parallel' executor
[0.676s] DEBUG:colcon.colcon_parallel_executor.executor.parallel:run_until_complete
[0.676s] INFO:colcon.colcon_ros.task.ament_python.build:Building ROS package in '/home/sraus/Rescue/src/rescue_raspberry_brain' with build type 'ament_python'
[0.676s] Level 1:colcon.colcon_core.shell:create_environment_hook('rescue_raspberry_brain', 'ament_prefix_path')
[0.683s] INFO:colcon.colcon_core.plugin_system:Skipping extension 'colcon_core.shell.bat': Not used on non-Windows systems
[0.683s] INFO:colcon.colcon_core.shell:Creating environment hook '/home/sraus/Rescue/src/install/rescue_raspberry_brain/share/rescue_raspberry_brain/hook/ament_prefix_path.ps1'
[0.685s] INFO:colcon.colcon_core.shell:Creating environment descriptor '/home/sraus/Rescue/src/install/rescue_raspberry_brain/share/rescue_raspberry_brain/hook/ament_prefix_path.dsv'
[0.686s] INFO:colcon.colcon_core.shell:Creating environment hook '/home/sraus/Rescue/src/install/rescue_raspberry_brain/share/rescue_raspberry_brain/hook/ament_prefix_path.sh'
[0.687s] INFO:colcon.colcon_core.shell:Skip shell extension 'powershell' for command environment: Not usable outside of PowerShell
[0.687s] DEBUG:colcon.colcon_core.shell:Skip shell extension 'dsv' for command environment
[1.039s] INFO:colcon.colcon_core.task.python.build:Building Python package in '/home/sraus/Rescue/src/rescue_raspberry_brain'
[1.039s] INFO:colcon.colcon_core.shell:Skip shell extension 'powershell' for command environment: Not usable outside of PowerShell
[1.039s] DEBUG:colcon.colcon_core.shell:Skip shell extension 'dsv' for command environment
[2.383s] DEBUG:colcon.colcon_core.event_handler.log_command:Invoking command in '/home/sraus/Rescue/src/build/rescue_raspberry_brain': DEBUGINFOD_URLS=https://debuginfod.ubuntu.com PYTHONPATH=/home/sraus/Rescue/src/build/rescue_raspberry_brain/prefix_override:/home/sraus/.local/lib/python3.12/site-packages/colcon_core/task/python/colcon_distutils_commands:/home/sraus/Rescue/src/install/rescue_raspberry_brain/lib/python3.12/site-packages:${PYTHONPATH} /usr/bin/python3 -W ignore:setup.py install is deprecated -W ignore:easy_install command is deprecated setup.py develop --editable --build-directory /home/sraus/Rescue/src/build/rescue_raspberry_brain/build --no-deps symlink_data
[3.359s] Level 1:colcon.colcon_core.shell:create_environment_hook('rescue_raspberry_brain', 'pythonpath_develop')
[3.359s] INFO:colcon.colcon_core.shell:Creating environment hook '/home/sraus/Rescue/src/build/rescue_raspberry_brain/share/rescue_raspberry_brain/hook/pythonpath_develop.ps1'
[3.360s] DEBUG:colcon.colcon_core.event_handler.log_command:Invoked command in '/home/sraus/Rescue/src/build/rescue_raspberry_brain' returned '0': DEBUGINFOD_URLS=https://debuginfod.ubuntu.com PYTHONPATH=/home/sraus/Rescue/src/build/rescue_raspberry_brain/prefix_override:/home/sraus/.local/lib/python3.12/site-packages/colcon_core/task/python/colcon_distutils_commands:/home/sraus/Rescue/src/install/rescue_raspberry_brain/lib/python3.12/site-packages:${PYTHONPATH} /usr/bin/python3 -W ignore:setup.py install is deprecated -W ignore:easy_install command is deprecated setup.py develop --editable --build-directory /home/sraus/Rescue/src/build/rescue_raspberry_brain/build --no-deps symlink_data
[3.361s] INFO:colcon.colcon_core.shell:Creating environment descriptor '/home/sraus/Rescue/src/build/rescue_raspberry_brain/share/rescue_raspberry_brain/hook/pythonpath_develop.dsv'
[3.361s] INFO:colcon.colcon_core.shell:Creating environment hook '/home/sraus/Rescue/src/build/rescue_raspberry_brain/share/rescue_raspberry_brain/hook/pythonpath_develop.sh'
[3.369s] Level 1:colcon.colcon_core.environment:checking '/home/sraus/Rescue/src/install/rescue_raspberry_brain' for CMake module files
[3.369s] Level 1:colcon.colcon_core.environment:checking '/home/sraus/Rescue/src/install/rescue_raspberry_brain' for CMake config files
[3.370s] Level 1:colcon.colcon_core.environment:checking '/home/sraus/Rescue/src/install/rescue_raspberry_brain/lib'
[3.370s] Level 1:colcon.colcon_core.environment:checking '/home/sraus/Rescue/src/install/rescue_raspberry_brain/bin'
[3.370s] Level 1:colcon.colcon_core.environment:checking '/home/sraus/Rescue/src/install/rescue_raspberry_brain/lib/pkgconfig/rescue_raspberry_brain.pc'
[3.371s] Level 1:colcon.colcon_core.environment:checking '/home/sraus/Rescue/src/install/rescue_raspberry_brain/lib/python3.12/site-packages'
[3.371s] Level 1:colcon.colcon_core.shell:create_environment_hook('rescue_raspberry_brain', 'pythonpath')
[3.371s] INFO:colcon.colcon_core.shell:Creating environment hook '/home/sraus/Rescue/src/install/rescue_raspberry_brain/share/rescue_raspberry_brain/hook/pythonpath.ps1'
[3.372s] INFO:colcon.colcon_core.shell:Creating environment descriptor '/home/sraus/Rescue/src/install/rescue_raspberry_brain/share/rescue_raspberry_brain/hook/pythonpath.dsv'
[3.372s] INFO:colcon.colcon_core.shell:Creating environment hook '/home/sraus/Rescue/src/install/rescue_raspberry_brain/share/rescue_raspberry_brain/hook/pythonpath.sh'
[3.373s] Level 1:colcon.colcon_core.environment:checking '/home/sraus/Rescue/src/install/rescue_raspberry_brain/bin'
[3.373s] Level 1:colcon.colcon_core.environment:create_environment_scripts_only(rescue_raspberry_brain)
[3.373s] INFO:colcon.colcon_core.shell:Creating package script '/home/sraus/Rescue/src/install/rescue_raspberry_brain/share/rescue_raspberry_brain/package.ps1'
[3.375s] INFO:colcon.colcon_core.shell:Creating package descriptor '/home/sraus/Rescue/src/install/rescue_raspberry_brain/share/rescue_raspberry_brain/package.dsv'
[3.376s] INFO:colcon.colcon_core.shell:Creating package script '/home/sraus/Rescue/src/install/rescue_raspberry_brain/share/rescue_raspberry_brain/package.sh'
[3.377s] INFO:colcon.colcon_core.shell:Creating package script '/home/sraus/Rescue/src/install/rescue_raspberry_brain/share/rescue_raspberry_brain/package.bash'
[3.378s] INFO:colcon.colcon_core.shell:Creating package script '/home/sraus/Rescue/src/install/rescue_raspberry_brain/share/rescue_raspberry_brain/package.zsh'
[3.379s] Level 1:colcon.colcon_core.environment:create_file_with_runtime_dependencies(/home/sraus/Rescue/src/install/rescue_raspberry_brain/share/colcon-core/packages/rescue_raspberry_brain)
[3.380s] DEBUG:colcon.colcon_parallel_executor.executor.parallel:closing loop
[3.380s] DEBUG:colcon.colcon_parallel_executor.executor.parallel:loop closed
[3.381s] DEBUG:colcon.colcon_parallel_executor.executor.parallel:run_until_complete finished with '0'
[3.381s] DEBUG:colcon.colcon_core.event_reactor:joining thread
[3.391s] INFO:colcon.colcon_core.plugin_system:Skipping extension 'colcon_notification.desktop_notification.terminal_notifier': Not used on non-Darwin systems
[3.391s] INFO:colcon.colcon_core.plugin_system:Skipping extension 'colcon_notification.desktop_notification.win32': Not used on non-Windows systems
[3.391s] INFO:colcon.colcon_notification.desktop_notification:Sending desktop notification using 'notify2'
[28.418s] DEBUG:colcon.colcon_notification.desktop_notification.notify2:Failed to initialize notify2: org.freedesktop.DBus.Error.NoReply: Did not receive a reply. Possible causes include: the remote application did not send a reply, the message bus security policy blocked the reply, the reply timeout expired, or the network connection was broken.
[28.418s] DEBUG:colcon.colcon_core.event_reactor:joined thread
[28.419s] INFO:colcon.colcon_core.shell:Creating prefix script '/home/sraus/Rescue/src/install/local_setup.ps1'
[29.935s] INFO:colcon.colcon_core.shell:Creating prefix util module '/home/sraus/Rescue/src/install/_local_setup_util_ps1.py'
[29.939s] INFO:colcon.colcon_core.shell:Creating prefix chain script '/home/sraus/Rescue/src/install/setup.ps1'
[29.941s] INFO:colcon.colcon_core.shell:Creating prefix script '/home/sraus/Rescue/src/install/local_setup.sh'
[29.942s] INFO:colcon.colcon_core.shell:Creating prefix util module '/home/sraus/Rescue/src/install/_local_setup_util_sh.py'
[29.943s] INFO:colcon.colcon_core.shell:Creating prefix chain script '/home/sraus/Rescue/src/install/setup.sh'
[29.946s] INFO:colcon.colcon_core.shell:Creating prefix script '/home/sraus/Rescue/src/install/local_setup.bash'
[29.947s] INFO:colcon.colcon_core.shell:Creating prefix chain script '/home/sraus/Rescue/src/install/setup.bash'
[29.948s] INFO:colcon.colcon_core.shell:Creating prefix script '/home/sraus/Rescue/src/install/local_setup.zsh'
[29.950s] INFO:colcon.colcon_core.shell:Creating prefix chain script '/home/sraus/Rescue/src/install/setup.zsh'
