running develop
running egg_info
creating rescue_pc_brain.egg-info
writing rescue_pc_brain.egg-info/PKG-INFO
writing dependency_links to rescue_pc_brain.egg-info/dependency_links.txt
writing entry points to rescue_pc_brain.egg-info/entry_points.txt
writing requirements to rescue_pc_brain.egg-info/requires.txt
writing top-level names to rescue_pc_brain.egg-info/top_level.txt
writing manifest file 'rescue_pc_brain.egg-info/SOURCES.txt'
reading manifest file 'rescue_pc_brain.egg-info/SOURCES.txt'
writing manifest file 'rescue_pc_brain.egg-info/SOURCES.txt'
running build_ext
Creating /home/daniel/Rescue/install/rescue_pc_brain/lib/python3.12/site-packages/rescue-pc-brain.egg-link (link to .)
Installing ps4_teleop_node script to /home/daniel/Rescue/install/rescue_pc_brain/lib/rescue_pc_brain

Installed /home/daniel/Rescue/build/rescue_pc_brain
running symlink_data
creating /home/daniel/Rescue/install/rescue_pc_brain/share/ament_index
creating /home/daniel/Rescue/install/rescue_pc_brain/share/ament_index/resource_index
creating /home/daniel/Rescue/install/rescue_pc_brain/share/ament_index/resource_index/packages
symbolically linking /home/daniel/Rescue/build/rescue_pc_brain/resource/rescue_pc_brain -> /home/daniel/Rescue/install/rescue_pc_brain/share/ament_index/resource_index/packages
symbolically linking /home/daniel/Rescue/build/rescue_pc_brain/package.xml -> /home/daniel/Rescue/install/rescue_pc_brain/share/rescue_pc_brain
