[0.543s] Invoking command in '/home/daniel/Rescue/build/rescue_pc_brain': DEBUGINFOD_URLS=https://debuginfod.ubuntu.com PYTHONPATH=/home/daniel/Rescue/build/rescue_pc_brain/prefix_override:/usr/lib/python3/dist-packages/colcon_core/task/python/colcon_distutils_commands:/home/daniel/Rescue/install/rescue_pc_brain/lib/python3.12/site-packages:${PYTHONPATH} /usr/bin/python3 -W ignore:setup.py install is deprecated -W ignore:easy_install command is deprecated setup.py develop --editable --build-directory /home/daniel/Rescue/build/rescue_pc_brain/build --no-deps symlink_data
[0.766s] running develop
[0.900s] running egg_info
[0.900s] creating rescue_pc_brain.egg-info
[0.914s] writing rescue_pc_brain.egg-info/PKG-INFO
[0.915s] writing dependency_links to rescue_pc_brain.egg-info/dependency_links.txt
[0.915s] writing entry points to rescue_pc_brain.egg-info/entry_points.txt
[0.915s] writing requirements to rescue_pc_brain.egg-info/requires.txt
[0.915s] writing top-level names to rescue_pc_brain.egg-info/top_level.txt
[0.915s] writing manifest file 'rescue_pc_brain.egg-info/SOURCES.txt'
[0.943s] reading manifest file 'rescue_pc_brain.egg-info/SOURCES.txt'
[0.943s] writing manifest file 'rescue_pc_brain.egg-info/SOURCES.txt'
[0.958s] running build_ext
[0.958s] Creating /home/daniel/Rescue/install/rescue_pc_brain/lib/python3.12/site-packages/rescue-pc-brain.egg-link (link to .)
[0.958s] Installing ps4_teleop_node script to /home/daniel/Rescue/install/rescue_pc_brain/lib/rescue_pc_brain
[0.958s] 
[0.958s] Installed /home/daniel/Rescue/build/rescue_pc_brain
[0.959s] running symlink_data
[0.959s] creating /home/daniel/Rescue/install/rescue_pc_brain/share/ament_index
[0.959s] creating /home/daniel/Rescue/install/rescue_pc_brain/share/ament_index/resource_index
[0.959s] creating /home/daniel/Rescue/install/rescue_pc_brain/share/ament_index/resource_index/packages
[0.959s] symbolically linking /home/daniel/Rescue/build/rescue_pc_brain/resource/rescue_pc_brain -> /home/daniel/Rescue/install/rescue_pc_brain/share/ament_index/resource_index/packages
[0.959s] symbolically linking /home/daniel/Rescue/build/rescue_pc_brain/package.xml -> /home/daniel/Rescue/install/rescue_pc_brain/share/rescue_pc_brain
[0.982s] Invoked command in '/home/daniel/Rescue/build/rescue_pc_brain' returned '0': DEBUGINFOD_URLS=https://debuginfod.ubuntu.com PYTHONPATH=/home/daniel/Rescue/build/rescue_pc_brain/prefix_override:/usr/lib/python3/dist-packages/colcon_core/task/python/colcon_distutils_commands:/home/daniel/Rescue/install/rescue_pc_brain/lib/python3.12/site-packages:${PYTHONPATH} /usr/bin/python3 -W ignore:setup.py install is deprecated -W ignore:easy_install command is deprecated setup.py develop --editable --build-directory /home/daniel/Rescue/build/rescue_pc_brain/build --no-deps symlink_data
