[0.552s] Invoking command in '/home/daniel/Rescue/build/rescue_pc_brain': DEBUGINFOD_URLS=https://debuginfod.ubuntu.com PYTHONPATH=/home/daniel/Rescue/build/rescue_pc_brain/prefix_override:/usr/lib/python3/dist-packages/colcon_core/task/python/colcon_distutils_commands:/home/daniel/Rescue/install/rescue_pc_brain/lib/python3.12/site-packages:${PYTHONPATH} /usr/bin/python3 -W ignore:setup.py install is deprecated -W ignore:easy_install command is deprecated setup.py develop --editable --build-directory /home/daniel/Rescue/build/rescue_pc_brain/build --no-deps symlink_data
[0.779s] running develop
[0.914s] running egg_info
[0.914s] creating rescue_pc_brain.egg-info
[0.928s] writing rescue_pc_brain.egg-info/PKG-INFO
[0.928s] writing dependency_links to rescue_pc_brain.egg-info/dependency_links.txt
[0.928s] writing entry points to rescue_pc_brain.egg-info/entry_points.txt
[0.928s] writing requirements to rescue_pc_brain.egg-info/requires.txt
[0.928s] writing top-level names to rescue_pc_brain.egg-info/top_level.txt
[0.928s] writing manifest file 'rescue_pc_brain.egg-info/SOURCES.txt'
[0.956s] reading manifest file 'rescue_pc_brain.egg-info/SOURCES.txt'
[0.956s] writing manifest file 'rescue_pc_brain.egg-info/SOURCES.txt'
[0.970s] running build_ext
[0.970s] Creating /home/daniel/Rescue/install/rescue_pc_brain/lib/python3.12/site-packages/rescue-pc-brain.egg-link (link to .)
[0.971s] Installing ps4_teleop_node script to /home/daniel/Rescue/install/rescue_pc_brain/lib/rescue_pc_brain
[0.971s] 
[0.971s] Installed /home/daniel/Rescue/build/rescue_pc_brain
[0.971s] running symlink_data
[0.971s] creating /home/daniel/Rescue/install/rescue_pc_brain/share/ament_index
[0.971s] creating /home/daniel/Rescue/install/rescue_pc_brain/share/ament_index/resource_index
[0.971s] creating /home/daniel/Rescue/install/rescue_pc_brain/share/ament_index/resource_index/packages
[0.971s] symbolically linking /home/daniel/Rescue/build/rescue_pc_brain/resource/rescue_pc_brain -> /home/daniel/Rescue/install/rescue_pc_brain/share/ament_index/resource_index/packages
[0.972s] symbolically linking /home/daniel/Rescue/build/rescue_pc_brain/package.xml -> /home/daniel/Rescue/install/rescue_pc_brain/share/rescue_pc_brain
[0.995s] Invoked command in '/home/daniel/Rescue/build/rescue_pc_brain' returned '0': DEBUGINFOD_URLS=https://debuginfod.ubuntu.com PYTHONPATH=/home/daniel/Rescue/build/rescue_pc_brain/prefix_override:/usr/lib/python3/dist-packages/colcon_core/task/python/colcon_distutils_commands:/home/daniel/Rescue/install/rescue_pc_brain/lib/python3.12/site-packages:${PYTHONPATH} /usr/bin/python3 -W ignore:setup.py install is deprecated -W ignore:easy_install command is deprecated setup.py develop --editable --build-directory /home/daniel/Rescue/build/rescue_pc_brain/build --no-deps symlink_data
