running egg_info
creating ../../build/rescue_pc_brain/rescue_pc_brain.egg-info
writing ../../build/rescue_pc_brain/rescue_pc_brain.egg-info/PKG-INFO
writing dependency_links to ../../build/rescue_pc_brain/rescue_pc_brain.egg-info/dependency_links.txt
writing entry points to ../../build/rescue_pc_brain/rescue_pc_brain.egg-info/entry_points.txt
writing requirements to ../../build/rescue_pc_brain/rescue_pc_brain.egg-info/requires.txt
writing top-level names to ../../build/rescue_pc_brain/rescue_pc_brain.egg-info/top_level.txt
writing manifest file '../../build/rescue_pc_brain/rescue_pc_brain.egg-info/SOURCES.txt'
reading manifest file '../../build/rescue_pc_brain/rescue_pc_brain.egg-info/SOURCES.txt'
writing manifest file '../../build/rescue_pc_brain/rescue_pc_brain.egg-info/SOURCES.txt'
running build
running build_py
creating /home/daniel/Rescue/build/rescue_pc_brain/build
creating /home/daniel/Rescue/build/rescue_pc_brain/build/lib
creating /home/daniel/Rescue/build/rescue_pc_brain/build/lib/rescue_pc_brain
copying rescue_pc_brain/__init__.py -> /home/daniel/Rescue/build/rescue_pc_brain/build/lib/rescue_pc_brain
running install
running install_lib
creating /home/daniel/Rescue/install/rescue_pc_brain/lib/python3.12/site-packages/rescue_pc_brain
copying /home/daniel/Rescue/build/rescue_pc_brain/build/lib/rescue_pc_brain/__init__.py -> /home/daniel/Rescue/install/rescue_pc_brain/lib/python3.12/site-packages/rescue_pc_brain
byte-compiling /home/daniel/Rescue/install/rescue_pc_brain/lib/python3.12/site-packages/rescue_pc_brain/__init__.py to __init__.cpython-312.pyc
running install_data
creating /home/daniel/Rescue/install/rescue_pc_brain/share/ament_index
creating /home/daniel/Rescue/install/rescue_pc_brain/share/ament_index/resource_index
creating /home/daniel/Rescue/install/rescue_pc_brain/share/ament_index/resource_index/packages
copying resource/rescue_pc_brain -> /home/daniel/Rescue/install/rescue_pc_brain/share/ament_index/resource_index/packages
copying package.xml -> /home/daniel/Rescue/install/rescue_pc_brain/share/rescue_pc_brain
running install_egg_info
Copying ../../build/rescue_pc_brain/rescue_pc_brain.egg-info to /home/daniel/Rescue/install/rescue_pc_brain/lib/python3.12/site-packages/rescue_pc_brain-0.0.0-py3.12.egg-info
running install_scripts
Installing ps4_teleop_node script to /home/daniel/Rescue/install/rescue_pc_brain/lib/rescue_pc_brain
writing list of installed files to '/home/daniel/Rescue/build/rescue_pc_brain/install.log'
